{"/home/travis/build/npmtest/node-npmtest-nanotimer/test.js":{"path":"/home/travis/build/npmtest/node-npmtest-nanotimer/test.js","s":{"1":2,"2":2,"3":2,"4":2,"5":2,"6":2,"7":2,"8":1,"9":2,"10":2,"11":1,"12":1,"13":1,"14":1,"15":2,"16":2,"17":2,"18":2,"19":1,"20":1,"21":2,"22":2,"23":2,"24":1,"25":1,"26":1,"27":1,"28":1,"29":1,"30":1,"31":1,"32":1,"33":1,"34":1,"35":1,"36":1,"37":1,"38":1,"39":2,"40":2,"41":1,"42":2,"43":2,"44":1,"45":2,"46":2,"47":1,"48":2,"49":2,"50":1,"51":1,"52":1,"53":1,"54":1},"b":{"1":[2,1,1,1],"2":[1,1,1,1],"3":[1,1],"4":[1,1],"5":[1,1],"6":[1,1],"7":[1,1],"8":[1,1],"9":[1,1],"10":[1,1,1],"11":[1,1],"12":[1,1],"13":[1,1],"14":[1,1],"15":[1,1],"16":[1,1],"17":[1,1]},"f":{"1":2,"2":2,"3":2,"4":2,"5":2,"6":1,"7":1,"8":1,"9":2,"10":2,"11":2,"12":2,"13":1},"fnMap":{"1":{"name":"(anonymous_1)","line":12,"loc":{"start":{"line":12,"column":1},"end":{"line":12,"column":13}}},"2":{"name":"(anonymous_2)","line":19,"loc":{"start":{"line":19,"column":5},"end":{"line":19,"column":17}}},"3":{"name":"(anonymous_3)","line":23,"loc":{"start":{"line":23,"column":24},"end":{"line":23,"column":36}}},"4":{"name":"(anonymous_4)","line":61,"loc":{"start":{"line":61,"column":5},"end":{"line":61,"column":17}}},"5":{"name":"(anonymous_5)","line":82,"loc":{"start":{"line":82,"column":5},"end":{"line":82,"column":17}}},"6":{"name":"(anonymous_6)","line":91,"loc":{"start":{"line":91,"column":77},"end":{"line":94,"column":10}}},"7":{"name":"(anonymous_7)","line":112,"loc":{"start":{"line":112,"column":83},"end":{"line":115,"column":10}},"skip":true},"8":{"name":"(anonymous_8)","line":123,"loc":{"start":{"line":123,"column":77},"end":{"line":126,"column":10}},"skip":true},"9":{"name":"(anonymous_9)","line":139,"loc":{"start":{"line":139,"column":12},"end":{"line":139,"column":40}},"skip":true},"10":{"name":"(anonymous_10)","line":147,"loc":{"start":{"line":147,"column":77},"end":{"line":150,"column":10}},"skip":true},"11":{"name":"(anonymous_11)","line":158,"loc":{"start":{"line":158,"column":83},"end":{"line":161,"column":10}},"skip":true},"12":{"name":"(anonymous_12)","line":169,"loc":{"start":{"line":169,"column":79},"end":{"line":172,"column":10}},"skip":true},"13":{"name":"(anonymous_13)","line":180,"loc":{"start":{"line":180,"column":75},"end":{"line":183,"column":10}},"skip":true}},"statementMap":{"1":{"start":{"line":12,"column":0},"end":{"line":195,"column":5}},"2":{"start":{"line":14,"column":4},"end":{"line":14,"column":14}},"3":{"start":{"line":19,"column":4},"end":{"line":56,"column":9}},"4":{"start":{"line":21,"column":8},"end":{"line":21,"column":19}},"5":{"start":{"line":23,"column":8},"end":{"line":35,"column":13}},"6":{"start":{"line":24,"column":12},"end":{"line":34,"column":13}},"7":{"start":{"line":25,"column":16},"end":{"line":28,"column":30}},"8":{"start":{"line":30,"column":16},"end":{"line":33,"column":27}},"9":{"start":{"line":37,"column":8},"end":{"line":39,"column":21}},"10":{"start":{"line":40,"column":8},"end":{"line":53,"column":9}},"11":{"start":{"line":43,"column":12},"end":{"line":46,"column":14}},"12":{"start":{"line":47,"column":12},"end":{"line":47,"column":18}},"13":{"start":{"line":50,"column":12},"end":{"line":51,"column":33}},"14":{"start":{"line":52,"column":12},"end":{"line":52,"column":18}},"15":{"start":{"line":55,"column":8},"end":{"line":55,"column":35}},"16":{"start":{"line":61,"column":4},"end":{"line":63,"column":9}},"17":{"start":{"line":62,"column":8},"end":{"line":62,"column":15}},"18":{"start":{"line":64,"column":4},"end":{"line":77,"column":5}},"19":{"start":{"line":70,"column":8},"end":{"line":70,"column":14}},"20":{"start":{"line":76,"column":8},"end":{"line":76,"column":14}},"21":{"start":{"line":82,"column":4},"end":{"line":84,"column":9}},"22":{"start":{"line":83,"column":8},"end":{"line":83,"column":15}},"23":{"start":{"line":85,"column":4},"end":{"line":194,"column":5}},"24":{"start":{"line":91,"column":8},"end":{"line":99,"column":10}},"25":{"start":{"line":98,"column":12},"end":{"line":98,"column":35}},"26":{"start":{"line":102,"column":8},"end":{"line":104,"column":63}},"27":{"start":{"line":105,"column":8},"end":{"line":105,"column":14}},"28":{"start":{"line":112,"column":8},"end":{"line":121,"column":10},"skip":true},"29":{"start":{"line":119,"column":12},"end":{"line":119,"column":55},"skip":true},"30":{"start":{"line":120,"column":12},"end":{"line":120,"column":48},"skip":true},"31":{"start":{"line":123,"column":8},"end":{"line":136,"column":10},"skip":true},"32":{"start":{"line":130,"column":12},"end":{"line":130,"column":76},"skip":true},"33":{"start":{"line":131,"column":12},"end":{"line":131,"column":73},"skip":true},"34":{"start":{"line":132,"column":12},"end":{"line":132,"column":74},"skip":true},"35":{"start":{"line":133,"column":12},"end":{"line":133,"column":79},"skip":true},"36":{"start":{"line":134,"column":12},"end":{"line":134,"column":25},"skip":true},"37":{"start":{"line":135,"column":12},"end":{"line":135,"column":45},"skip":true},"38":{"start":{"line":138,"column":8},"end":{"line":145,"column":14},"skip":true},"39":{"start":{"line":143,"column":16},"end":{"line":143,"column":29},"skip":true},"40":{"start":{"line":144,"column":16},"end":{"line":144,"column":55},"skip":true},"41":{"start":{"line":147,"column":8},"end":{"line":156,"column":10},"skip":true},"42":{"start":{"line":154,"column":12},"end":{"line":154,"column":25},"skip":true},"43":{"start":{"line":155,"column":12},"end":{"line":155,"column":45},"skip":true},"44":{"start":{"line":158,"column":8},"end":{"line":167,"column":10},"skip":true},"45":{"start":{"line":165,"column":12},"end":{"line":165,"column":25},"skip":true},"46":{"start":{"line":166,"column":12},"end":{"line":166,"column":48},"skip":true},"47":{"start":{"line":169,"column":8},"end":{"line":178,"column":10},"skip":true},"48":{"start":{"line":176,"column":12},"end":{"line":176,"column":25},"skip":true},"49":{"start":{"line":177,"column":12},"end":{"line":177,"column":46},"skip":true},"50":{"start":{"line":180,"column":8},"end":{"line":189,"column":10},"skip":true},"51":{"start":{"line":187,"column":12},"end":{"line":187,"column":94},"skip":true},"52":{"start":{"line":188,"column":12},"end":{"line":188,"column":48},"skip":true},"53":{"start":{"line":192,"column":8},"end":{"line":192,"column":35},"skip":true},"54":{"start":{"line":193,"column":8},"end":{"line":193,"column":14},"skip":true}},"branchMap":{"1":{"line":25,"type":"binary-expr","locations":[{"start":{"line":25,"column":23},"end":{"line":25,"column":62}},{"start":{"line":26,"column":20},"end":{"line":26,"column":70}},{"start":{"line":27,"column":20},"end":{"line":27,"column":71}},{"start":{"line":28,"column":20},"end":{"line":28,"column":29}}]},"2":{"line":30,"type":"binary-expr","locations":[{"start":{"line":30,"column":23},"end":{"line":30,"column":37}},{"start":{"line":31,"column":20},"end":{"line":31,"column":61}},{"start":{"line":32,"column":20},"end":{"line":32,"column":70}},{"start":{"line":33,"column":20},"end":{"line":33,"column":26}}]},"3":{"line":37,"type":"cond-expr","locations":[{"start":{"line":38,"column":14},"end":{"line":38,"column":20}},{"start":{"line":39,"column":14},"end":{"line":39,"column":20}}]},"4":{"line":40,"type":"switch","locations":[{"start":{"line":42,"column":8},"end":{"line":47,"column":18}},{"start":{"line":49,"column":8},"end":{"line":52,"column":18}}]},"5":{"line":44,"type":"binary-expr","locations":[{"start":{"line":44,"column":16},"end":{"line":44,"column":44}},{"start":{"line":44,"column":48},"end":{"line":44,"column":66}}]},"6":{"line":50,"type":"binary-expr","locations":[{"start":{"line":50,"column":21},"end":{"line":50,"column":49}},{"start":{"line":50,"column":53},"end":{"line":50,"column":72}}]},"7":{"line":64,"type":"switch","locations":[{"start":{"line":69,"column":4},"end":{"line":70,"column":14}},{"start":{"line":75,"column":4},"end":{"line":76,"column":14}}]},"8":{"line":85,"type":"switch","locations":[{"start":{"line":90,"column":4},"end":{"line":105,"column":14}},{"start":{"line":111,"column":4},"end":{"line":193,"column":14},"skip":true}]},"9":{"line":91,"type":"binary-expr","locations":[{"start":{"line":91,"column":42},"end":{"line":91,"column":73}},{"start":{"line":91,"column":77},"end":{"line":99,"column":9}}]},"10":{"line":102,"type":"binary-expr","locations":[{"start":{"line":102,"column":18},"end":{"line":102,"column":32}},{"start":{"line":103,"column":12},"end":{"line":103,"column":53}},{"start":{"line":104,"column":12},"end":{"line":104,"column":61}}]},"11":{"line":112,"type":"binary-expr","locations":[{"start":{"line":112,"column":45},"end":{"line":112,"column":79},"skip":true},{"start":{"line":112,"column":83},"end":{"line":121,"column":9},"skip":true}]},"12":{"line":123,"type":"binary-expr","locations":[{"start":{"line":123,"column":42},"end":{"line":123,"column":73},"skip":true},{"start":{"line":123,"column":77},"end":{"line":136,"column":9},"skip":true}]},"13":{"line":138,"type":"binary-expr","locations":[{"start":{"line":138,"column":48},"end":{"line":138,"column":85},"skip":true},{"start":{"line":139,"column":12},"end":{"line":145,"column":13},"skip":true}]},"14":{"line":147,"type":"binary-expr","locations":[{"start":{"line":147,"column":42},"end":{"line":147,"column":73},"skip":true},{"start":{"line":147,"column":77},"end":{"line":156,"column":9},"skip":true}]},"15":{"line":158,"type":"binary-expr","locations":[{"start":{"line":158,"column":45},"end":{"line":158,"column":79},"skip":true},{"start":{"line":158,"column":83},"end":{"line":167,"column":9},"skip":true}]},"16":{"line":169,"type":"binary-expr","locations":[{"start":{"line":169,"column":43},"end":{"line":169,"column":75},"skip":true},{"start":{"line":169,"column":79},"end":{"line":178,"column":9},"skip":true}]},"17":{"line":180,"type":"binary-expr","locations":[{"start":{"line":180,"column":41},"end":{"line":180,"column":71},"skip":true},{"start":{"line":180,"column":75},"end":{"line":189,"column":9},"skip":true}]}},"code":["/* istanbul instrument in package npmtest_nanotimer */","/*jslint","    bitwise: true,","    browser: true,","    maxerr: 8,","    maxlen: 96,","    node: true,","    nomen: true,","    regexp: true,","    stupid: true","*/","(function () {","    'use strict';","    var local;","","","","    // run shared js-env code - init-before","    (function () {","        // init local","        local = {};","        // init modeJs","        local.modeJs = (function () {","            try {","                return typeof navigator.userAgent === 'string' &&","                    typeof document.querySelector('body') === 'object' &&","                    typeof XMLHttpRequest.prototype.open === 'function' &&","                    'browser';","            } catch (errorCaughtBrowser) {","                return module.exports &&","                    typeof process.versions.node === 'string' &&","                    typeof require('http').createServer === 'function' &&","                    'node';","            }","        }());","        // init global","        local.global = local.modeJs === 'browser'","            ? window","            : global;","        switch (local.modeJs) {","        // re-init local from window.local","        case 'browser':","            local = local.global.utility2.objectSetDefault(","                local.global.utility2_rollup || local.global.local,","                local.global.utility2","            );","            break;","        // re-init local from example.js","        case 'node':","            local = (local.global.utility2_rollup || require('utility2'))","                .requireReadme();","            break;","        }","        // export local","        local.global.local = local;","    }());","","","","    // run shared js-env code - function","    (function () {","        return;","    }());","    switch (local.modeJs) {","","","","    // run browser js-env code - function","    case 'browser':","        break;","","","","    // run node js-env code - function","    case 'node':","        break;","    }","","","","    // run shared js-env code - init-after","    (function () {","        return;","    }());","    switch (local.modeJs) {","","","","    // run browser js-env code - init-after","    case 'browser':","        local.testCase_browser_nullCase = local.testCase_browser_nullCase || function (","            options,","            onError","        ) {","        /*","         * this function will test browsers's null-case handling-behavior-behavior","         */","            onError(null, options);","        };","","        // run tests","        local.nop(local.modeTest &&","            document.querySelector('#testRunButton1') &&","            document.querySelector('#testRunButton1').click());","        break;","","","","    // run node js-env code - init-after","    /* istanbul ignore next */","    case 'node':","        local.testCase_buildApidoc_default = local.testCase_buildApidoc_default || function (","            options,","            onError","        ) {","        /*","         * this function will test buildApidoc's default handling-behavior-behavior","         */","            options = { modulePathList: module.paths };","            local.buildApidoc(options, onError);","        };","","        local.testCase_buildApp_default = local.testCase_buildApp_default || function (","            options,","            onError","        ) {","        /*","         * this function will test buildApp's default handling-behavior-behavior","         */","            local.testCase_buildReadme_default(options, local.onErrorThrow);","            local.testCase_buildLib_default(options, local.onErrorThrow);","            local.testCase_buildTest_default(options, local.onErrorThrow);","            local.testCase_buildCustomOrg_default(options, local.onErrorThrow);","            options = [];","            local.buildApp(options, onError);","        };","","        local.testCase_buildCustomOrg_default = local.testCase_buildCustomOrg_default ||","            function (options, onError) {","            /*","             * this function will test buildCustomOrg's default handling-behavior","             */","                options = {};","                local.buildCustomOrg(options, onError);","            };","","        local.testCase_buildLib_default = local.testCase_buildLib_default || function (","            options,","            onError","        ) {","        /*","         * this function will test buildLib's default handling-behavior","         */","            options = {};","            local.buildLib(options, onError);","        };","","        local.testCase_buildReadme_default = local.testCase_buildReadme_default || function (","            options,","            onError","        ) {","        /*","         * this function will test buildReadme's default handling-behavior-behavior","         */","            options = {};","            local.buildReadme(options, onError);","        };","","        local.testCase_buildTest_default = local.testCase_buildTest_default || function (","            options,","            onError","        ) {","        /*","         * this function will test buildTest's default handling-behavior","         */","            options = {};","            local.buildTest(options, onError);","        };","","        local.testCase_webpage_default = local.testCase_webpage_default || function (","            options,","            onError","        ) {","        /*","         * this function will test webpage's default handling-behavior","         */","            options = { modeCoverageMerge: true, url: local.serverLocalHost + '?modeTest=1' };","            local.browserTest(options, onError);","        };","","        // run test-server","        local.testRunServer(local);","        break;","    }","}());",""],"l":{"12":2,"14":2,"19":2,"21":2,"23":2,"24":2,"25":2,"30":1,"37":2,"40":2,"43":1,"47":1,"50":1,"52":1,"55":2,"61":2,"62":2,"64":2,"70":1,"76":1,"82":2,"83":2,"85":2,"91":1,"98":1,"102":1,"105":1,"112":1,"119":1,"120":1,"123":1,"130":1,"131":1,"132":1,"133":1,"134":1,"135":1,"138":1,"143":2,"144":2,"147":1,"154":2,"155":2,"158":1,"165":2,"166":2,"169":1,"176":2,"177":2,"180":1,"187":1,"188":1,"192":1,"193":1}},"/home/travis/build/npmtest/node-npmtest-nanotimer/lib.npmtest_nanotimer.js":{"path":"/home/travis/build/npmtest/node-npmtest-nanotimer/lib.npmtest_nanotimer.js","s":{"1":2,"2":2,"3":2,"4":2,"5":2,"6":2,"7":2,"8":1,"9":2,"10":2,"11":2,"12":2,"13":1,"14":1,"15":1,"16":1},"b":{"1":[2,1,1,1],"2":[1,1,1,1],"3":[1,1],"4":[2,2],"5":[1,1]},"f":{"1":2,"2":2,"3":2},"fnMap":{"1":{"name":"(anonymous_1)","line":12,"loc":{"start":{"line":12,"column":1},"end":{"line":12,"column":13}}},"2":{"name":"(anonymous_2)","line":19,"loc":{"start":{"line":19,"column":5},"end":{"line":19,"column":17}}},"3":{"name":"(anonymous_3)","line":23,"loc":{"start":{"line":23,"column":24},"end":{"line":23,"column":36}}}},"statementMap":{"1":{"start":{"line":12,"column":0},"end":{"line":53,"column":5}},"2":{"start":{"line":14,"column":4},"end":{"line":14,"column":14}},"3":{"start":{"line":19,"column":4},"end":{"line":52,"column":9}},"4":{"start":{"line":21,"column":8},"end":{"line":21,"column":19}},"5":{"start":{"line":23,"column":8},"end":{"line":35,"column":13}},"6":{"start":{"line":24,"column":12},"end":{"line":34,"column":13}},"7":{"start":{"line":25,"column":16},"end":{"line":28,"column":30}},"8":{"start":{"line":30,"column":16},"end":{"line":33,"column":27}},"9":{"start":{"line":37,"column":8},"end":{"line":39,"column":21}},"10":{"start":{"line":41,"column":8},"end":{"line":41,"column":54}},"11":{"start":{"line":43,"column":8},"end":{"line":43,"column":54}},"12":{"start":{"line":45,"column":8},"end":{"line":51,"column":9}},"13":{"start":{"line":46,"column":12},"end":{"line":46,"column":60}},"14":{"start":{"line":48,"column":12},"end":{"line":48,"column":35}},"15":{"start":{"line":49,"column":12},"end":{"line":49,"column":49}},"16":{"start":{"line":50,"column":12},"end":{"line":50,"column":43}}},"branchMap":{"1":{"line":25,"type":"binary-expr","locations":[{"start":{"line":25,"column":23},"end":{"line":25,"column":62}},{"start":{"line":26,"column":20},"end":{"line":26,"column":70}},{"start":{"line":27,"column":20},"end":{"line":27,"column":71}},{"start":{"line":28,"column":20},"end":{"line":28,"column":29}}]},"2":{"line":30,"type":"binary-expr","locations":[{"start":{"line":30,"column":23},"end":{"line":30,"column":37}},{"start":{"line":31,"column":20},"end":{"line":31,"column":61}},{"start":{"line":32,"column":20},"end":{"line":32,"column":70}},{"start":{"line":33,"column":20},"end":{"line":33,"column":26}}]},"3":{"line":37,"type":"cond-expr","locations":[{"start":{"line":38,"column":14},"end":{"line":38,"column":20}},{"start":{"line":39,"column":14},"end":{"line":39,"column":20}}]},"4":{"line":41,"type":"binary-expr","locations":[{"start":{"line":41,"column":16},"end":{"line":41,"column":44}},{"start":{"line":41,"column":48},"end":{"line":41,"column":53}}]},"5":{"line":45,"type":"if","locations":[{"start":{"line":45,"column":8},"end":{"line":45,"column":8}},{"start":{"line":45,"column":8},"end":{"line":45,"column":8}}]}},"code":["/* istanbul instrument in package npmtest_nanotimer */","/*jslint","    bitwise: true,","    browser: true,","    maxerr: 8,","    maxlen: 96,","    node: true,","    nomen: true,","    regexp: true,","    stupid: true","*/","(function () {","    'use strict';","    var local;","","","","    // run shared js-env code - init-before","    (function () {","        // init local","        local = {};","        // init modeJs","        local.modeJs = (function () {","            try {","                return typeof navigator.userAgent === 'string' &&","                    typeof document.querySelector('body') === 'object' &&","                    typeof XMLHttpRequest.prototype.open === 'function' &&","                    'browser';","            } catch (errorCaughtBrowser) {","                return module.exports &&","                    typeof process.versions.node === 'string' &&","                    typeof require('http').createServer === 'function' &&","                    'node';","            }","        }());","        // init global","        local.global = local.modeJs === 'browser'","            ? window","            : global;","        // init utility2_rollup","        local = local.global.utility2_rollup || local;","        // init lib","        local.local = local.npmtest_nanotimer = local;","        // init exports","        if (local.modeJs === 'browser') {","            local.global.utility2_npmtest_nanotimer = local;","        } else {","            module.exports = local;","            module.exports.__dirname = __dirname;","            module.exports.module = module;","        }","    }());","}());",""],"l":{"12":2,"14":2,"19":2,"21":2,"23":2,"24":2,"25":2,"30":1,"37":2,"41":2,"43":2,"45":2,"46":1,"48":1,"49":1,"50":1}},"/home/travis/build/npmtest/node-npmtest-nanotimer/example.js":{"path":"/home/travis/build/npmtest/node-npmtest-nanotimer/example.js","s":{"1":2,"2":2,"3":2,"4":2,"5":2,"6":2,"7":2,"8":1,"9":2,"10":2,"11":2,"12":2,"13":1,"14":2,"15":2,"16":2,"17":2,"18":2,"19":0,"20":2,"21":1,"22":1,"23":1,"24":1,"25":1,"26":0,"27":0,"28":1,"29":1,"30":2,"31":0,"32":0,"33":0,"34":1,"35":2,"36":2,"37":3,"38":3,"39":3,"40":3,"41":0,"42":3,"43":3,"44":3,"45":1,"46":3,"47":1,"48":1,"49":1,"50":1,"51":1,"52":1,"53":1,"54":1,"55":1,"56":1,"57":0,"58":1,"59":6,"60":6,"61":1,"62":2,"63":0,"64":2,"65":1,"66":1,"67":0,"68":0,"69":0,"70":0,"71":0,"72":0,"73":0,"74":0,"75":0,"76":0,"77":0,"78":0,"79":0,"80":0,"81":0,"82":0,"83":0},"b":{"1":[2,1,1,1],"2":[1,1,1,1],"3":[1,1],"4":[2,2],"5":[1,1],"6":[1,1],"7":[2,0],"8":[2,1,1,1,1,1],"9":[0,2,0],"10":[1,1],"11":[2,1,1],"12":[1,0],"13":[0,2],"14":[2,0,0,0,0,0,0],"15":[0,3],"16":[3,0],"17":[1,1],"18":[0,1],"19":[1,2,0,2],"20":[1,0],"21":[1,1],"22":[0,0],"23":[0,0],"24":[0,0],"25":[0,0],"26":[0,0],"27":[0,0],"28":[0,0]},"f":{"1":2,"2":2,"3":2,"4":2,"5":2,"6":2,"7":3,"8":3,"9":3,"10":1,"11":6,"12":0},"fnMap":{"1":{"name":"(anonymous_1)","line":26,"loc":{"start":{"line":26,"column":1},"end":{"line":26,"column":13}}},"2":{"name":"(anonymous_2)","line":33,"loc":{"start":{"line":33,"column":5},"end":{"line":33,"column":17}}},"3":{"name":"(anonymous_3)","line":37,"loc":{"start":{"line":37,"column":24},"end":{"line":37,"column":36}}},"4":{"name":"(anonymous_4)","line":69,"loc":{"start":{"line":69,"column":31},"end":{"line":69,"column":48}},"skip":true},"5":{"name":"(anonymous_5)","line":78,"loc":{"start":{"line":78,"column":26},"end":{"line":78,"column":45}},"skip":true},"6":{"name":"(anonymous_6)","line":123,"loc":{"start":{"line":123,"column":33},"end":{"line":123,"column":48}},"skip":true},"7":{"name":"(anonymous_7)","line":125,"loc":{"start":{"line":125,"column":27},"end":{"line":125,"column":39}},"skip":true},"8":{"name":"(anonymous_8)","line":133,"loc":{"start":{"line":133,"column":59},"end":{"line":133,"column":74}},"skip":true},"9":{"name":"(anonymous_9)","line":143,"loc":{"start":{"line":143,"column":45},"end":{"line":143,"column":62}},"skip":true},"10":{"name":"(anonymous_10)","line":144,"loc":{"start":{"line":144,"column":73},"end":{"line":144,"column":92}},"skip":true},"11":{"name":"(anonymous_11)","line":272,"loc":{"start":{"line":272,"column":51},"end":{"line":272,"column":77}},"skip":true},"12":{"name":"(anonymous_12)","line":315,"loc":{"start":{"line":315,"column":32},"end":{"line":315,"column":61}},"skip":true}},"statementMap":{"1":{"start":{"line":26,"column":0},"end":{"line":326,"column":5}},"2":{"start":{"line":28,"column":4},"end":{"line":28,"column":14}},"3":{"start":{"line":33,"column":4},"end":{"line":60,"column":9}},"4":{"start":{"line":35,"column":8},"end":{"line":35,"column":19}},"5":{"start":{"line":37,"column":8},"end":{"line":49,"column":13}},"6":{"start":{"line":38,"column":12},"end":{"line":48,"column":13}},"7":{"start":{"line":39,"column":16},"end":{"line":42,"column":30}},"8":{"start":{"line":44,"column":16},"end":{"line":47,"column":27}},"9":{"start":{"line":51,"column":8},"end":{"line":53,"column":21}},"10":{"start":{"line":55,"column":8},"end":{"line":57,"column":45}},"11":{"start":{"line":59,"column":8},"end":{"line":59,"column":35}},"12":{"start":{"line":61,"column":4},"end":{"line":325,"column":5}},"13":{"start":{"line":69,"column":8},"end":{"line":121,"column":10},"skip":true},"14":{"start":{"line":70,"column":12},"end":{"line":88,"column":13},"skip":true},"15":{"start":{"line":76,"column":16},"end":{"line":87,"column":19},"skip":true},"16":{"start":{"line":79,"column":20},"end":{"line":86,"column":21},"skip":true},"17":{"start":{"line":82,"column":24},"end":{"line":82,"column":43},"skip":true},"18":{"start":{"line":83,"column":24},"end":{"line":83,"column":30},"skip":true},"19":{"start":{"line":85,"column":24},"end":{"line":85,"column":49},"skip":true},"20":{"start":{"line":89,"column":12},"end":{"line":107,"column":13},"skip":true},"21":{"start":{"line":92,"column":16},"end":{"line":102,"column":17},"skip":true},"22":{"start":{"line":93,"column":20},"end":{"line":93,"column":86},"skip":true},"23":{"start":{"line":94,"column":20},"end":{"line":95,"column":45},"skip":true},"24":{"start":{"line":96,"column":20},"end":{"line":96,"column":42},"skip":true},"25":{"start":{"line":97,"column":20},"end":{"line":97,"column":48},"skip":true},"26":{"start":{"line":100,"column":20},"end":{"line":100,"column":85},"skip":true},"27":{"start":{"line":101,"column":20},"end":{"line":101,"column":96},"skip":true},"28":{"start":{"line":103,"column":16},"end":{"line":103,"column":22},"skip":true},"29":{"start":{"line":106,"column":16},"end":{"line":106,"column":22},"skip":true},"30":{"start":{"line":108,"column":12},"end":{"line":120,"column":13},"skip":true},"31":{"start":{"line":114,"column":16},"end":{"line":119,"column":17},"skip":true},"32":{"start":{"line":116,"column":20},"end":{"line":116,"column":78},"skip":true},"33":{"start":{"line":118,"column":20},"end":{"line":118,"column":47},"skip":true},"34":{"start":{"line":123,"column":8},"end":{"line":141,"column":11},"skip":true},"35":{"start":{"line":124,"column":12},"end":{"line":124,"column":54},"skip":true},"36":{"start":{"line":125,"column":12},"end":{"line":140,"column":14},"skip":true},"37":{"start":{"line":126,"column":16},"end":{"line":126,"column":28},"skip":true},"38":{"start":{"line":127,"column":16},"end":{"line":127,"column":69},"skip":true},"39":{"start":{"line":128,"column":16},"end":{"line":128,"column":75},"skip":true},"40":{"start":{"line":129,"column":16},"end":{"line":131,"column":17},"skip":true},"41":{"start":{"line":130,"column":20},"end":{"line":130,"column":27},"skip":true},"42":{"start":{"line":133,"column":16},"end":{"line":137,"column":36},"skip":true},"43":{"start":{"line":134,"column":20},"end":{"line":136,"column":55},"skip":true},"44":{"start":{"line":139,"column":16},"end":{"line":139,"column":57},"skip":true},"45":{"start":{"line":143,"column":8},"end":{"line":147,"column":11},"skip":true},"46":{"start":{"line":144,"column":12},"end":{"line":146,"column":15},"skip":true},"47":{"start":{"line":145,"column":16},"end":{"line":145,"column":70},"skip":true},"48":{"start":{"line":149,"column":8},"end":{"line":149,"column":31},"skip":true},"49":{"start":{"line":150,"column":8},"end":{"line":150,"column":14},"skip":true},"50":{"start":{"line":158,"column":8},"end":{"line":158,"column":31},"skip":true},"51":{"start":{"line":160,"column":8},"end":{"line":160,"column":33},"skip":true},"52":{"start":{"line":161,"column":8},"end":{"line":161,"column":37},"skip":true},"53":{"start":{"line":162,"column":8},"end":{"line":162,"column":35},"skip":true},"54":{"start":{"line":164,"column":8},"end":{"line":164,"column":50},"skip":true},"55":{"start":{"line":166,"column":8},"end":{"line":256,"column":2},"skip":true},"56":{"start":{"line":258,"column":8},"end":{"line":286,"column":9},"skip":true},"57":{"start":{"line":259,"column":12},"end":{"line":269,"column":14},"skip":true},"58":{"start":{"line":271,"column":12},"end":{"line":285,"column":19},"skip":true},"59":{"start":{"line":274,"column":20},"end":{"line":274,"column":35},"skip":true},"60":{"start":{"line":275,"column":20},"end":{"line":284,"column":21},"skip":true},"61":{"start":{"line":277,"column":24},"end":{"line":277,"column":64},"skip":true},"62":{"start":{"line":279,"column":24},"end":{"line":279,"column":40},"skip":true},"63":{"start":{"line":281,"column":24},"end":{"line":281,"column":40},"skip":true},"64":{"start":{"line":283,"column":24},"end":{"line":283,"column":39},"skip":true},"65":{"start":{"line":288,"column":8},"end":{"line":290,"column":9},"skip":true},"66":{"start":{"line":289,"column":12},"end":{"line":289,"column":18},"skip":true},"67":{"start":{"line":291,"column":8},"end":{"line":293,"column":54},"skip":true},"68":{"start":{"line":296,"column":8},"end":{"line":301,"column":37},"skip":true},"69":{"start":{"line":303,"column":8},"end":{"line":303,"column":82},"skip":true},"70":{"start":{"line":306,"column":8},"end":{"line":308,"column":9},"skip":true},"71":{"start":{"line":307,"column":12},"end":{"line":307,"column":82},"skip":true},"72":{"start":{"line":310,"column":8},"end":{"line":312,"column":9},"skip":true},"73":{"start":{"line":311,"column":12},"end":{"line":311,"column":18},"skip":true},"74":{"start":{"line":313,"column":8},"end":{"line":313,"column":54},"skip":true},"75":{"start":{"line":314,"column":8},"end":{"line":314,"column":69},"skip":true},"76":{"start":{"line":315,"column":8},"end":{"line":323,"column":36},"skip":true},"77":{"start":{"line":316,"column":12},"end":{"line":316,"column":61},"skip":true},"78":{"start":{"line":317,"column":12},"end":{"line":320,"column":13},"skip":true},"79":{"start":{"line":318,"column":16},"end":{"line":318,"column":75},"skip":true},"80":{"start":{"line":319,"column":16},"end":{"line":319,"column":23},"skip":true},"81":{"start":{"line":321,"column":12},"end":{"line":321,"column":38},"skip":true},"82":{"start":{"line":322,"column":12},"end":{"line":322,"column":27},"skip":true},"83":{"start":{"line":324,"column":8},"end":{"line":324,"column":14},"skip":true}},"branchMap":{"1":{"line":39,"type":"binary-expr","locations":[{"start":{"line":39,"column":23},"end":{"line":39,"column":62}},{"start":{"line":40,"column":20},"end":{"line":40,"column":70}},{"start":{"line":41,"column":20},"end":{"line":41,"column":71}},{"start":{"line":42,"column":20},"end":{"line":42,"column":29}}]},"2":{"line":44,"type":"binary-expr","locations":[{"start":{"line":44,"column":23},"end":{"line":44,"column":37}},{"start":{"line":45,"column":20},"end":{"line":45,"column":61}},{"start":{"line":46,"column":20},"end":{"line":46,"column":70}},{"start":{"line":47,"column":20},"end":{"line":47,"column":26}}]},"3":{"line":51,"type":"cond-expr","locations":[{"start":{"line":52,"column":14},"end":{"line":52,"column":20}},{"start":{"line":53,"column":14},"end":{"line":53,"column":20}}]},"4":{"line":55,"type":"binary-expr","locations":[{"start":{"line":55,"column":16},"end":{"line":55,"column":44}},{"start":{"line":55,"column":49},"end":{"line":57,"column":43}}]},"5":{"line":55,"type":"cond-expr","locations":[{"start":{"line":56,"column":14},"end":{"line":56,"column":53}},{"start":{"line":57,"column":14},"end":{"line":57,"column":43}}]},"6":{"line":61,"type":"switch","locations":[{"start":{"line":68,"column":4},"end":{"line":150,"column":14},"skip":true},{"start":{"line":156,"column":4},"end":{"line":324,"column":14},"skip":true}]},"7":{"line":70,"type":"if","locations":[{"start":{"line":70,"column":12},"end":{"line":70,"column":12},"skip":true},{"start":{"line":70,"column":12},"end":{"line":70,"column":12},"skip":true}]},"8":{"line":70,"type":"binary-expr","locations":[{"start":{"line":70,"column":16},"end":{"line":70,"column":22},"skip":true},{"start":{"line":70,"column":27},"end":{"line":70,"column":32},"skip":true},{"start":{"line":71,"column":20},"end":{"line":71,"column":39},"skip":true},{"start":{"line":72,"column":20},"end":{"line":72,"column":49},"skip":true},{"start":{"line":73,"column":20},"end":{"line":73,"column":58},"skip":true},{"start":{"line":74,"column":20},"end":{"line":74,"column":69},"skip":true}]},"9":{"line":79,"type":"switch","locations":[{"start":{"line":80,"column":20},"end":{"line":80,"column":33},"skip":true},{"start":{"line":81,"column":20},"end":{"line":83,"column":30},"skip":true},{"start":{"line":84,"column":20},"end":{"line":85,"column":49},"skip":true}]},"10":{"line":89,"type":"switch","locations":[{"start":{"line":90,"column":12},"end":{"line":103,"column":22},"skip":true},{"start":{"line":105,"column":12},"end":{"line":106,"column":22},"skip":true}]},"11":{"line":89,"type":"binary-expr","locations":[{"start":{"line":89,"column":20},"end":{"line":89,"column":25},"skip":true},{"start":{"line":89,"column":29},"end":{"line":89,"column":48},"skip":true},{"start":{"line":89,"column":52},"end":{"line":89,"column":74},"skip":true}]},"12":{"line":92,"type":"if","locations":[{"start":{"line":92,"column":16},"end":{"line":92,"column":16},"skip":true},{"start":{"line":92,"column":16},"end":{"line":92,"column":16},"skip":true}]},"13":{"line":108,"type":"if","locations":[{"start":{"line":108,"column":12},"end":{"line":108,"column":12},"skip":true},{"start":{"line":108,"column":12},"end":{"line":108,"column":12},"skip":true}]},"14":{"line":108,"type":"binary-expr","locations":[{"start":{"line":108,"column":16},"end":{"line":108,"column":61},"skip":true},{"start":{"line":108,"column":66},"end":{"line":108,"column":72},"skip":true},{"start":{"line":108,"column":77},"end":{"line":108,"column":82},"skip":true},{"start":{"line":109,"column":20},"end":{"line":109,"column":39},"skip":true},{"start":{"line":110,"column":20},"end":{"line":110,"column":49},"skip":true},{"start":{"line":111,"column":20},"end":{"line":111,"column":58},"skip":true},{"start":{"line":112,"column":20},"end":{"line":112,"column":68},"skip":true}]},"15":{"line":129,"type":"if","locations":[{"start":{"line":129,"column":16},"end":{"line":129,"column":16},"skip":true},{"start":{"line":129,"column":16},"end":{"line":129,"column":16},"skip":true}]},"16":{"line":134,"type":"cond-expr","locations":[{"start":{"line":135,"column":26},"end":{"line":135,"column":29},"skip":true},{"start":{"line":136,"column":26},"end":{"line":136,"column":54},"skip":true}]},"17":{"line":164,"type":"binary-expr","locations":[{"start":{"line":164,"column":27},"end":{"line":164,"column":43},"skip":true},{"start":{"line":164,"column":47},"end":{"line":164,"column":49},"skip":true}]},"18":{"line":258,"type":"if","locations":[{"start":{"line":258,"column":8},"end":{"line":258,"column":8},"skip":true},{"start":{"line":258,"column":8},"end":{"line":258,"column":8},"skip":true}]},"19":{"line":275,"type":"switch","locations":[{"start":{"line":276,"column":20},"end":{"line":277,"column":64},"skip":true},{"start":{"line":278,"column":20},"end":{"line":279,"column":40},"skip":true},{"start":{"line":280,"column":20},"end":{"line":281,"column":40},"skip":true},{"start":{"line":282,"column":20},"end":{"line":283,"column":39},"skip":true}]},"20":{"line":288,"type":"if","locations":[{"start":{"line":288,"column":8},"end":{"line":288,"column":8},"skip":true},{"start":{"line":288,"column":8},"end":{"line":288,"column":8},"skip":true}]},"21":{"line":288,"type":"binary-expr","locations":[{"start":{"line":288,"column":12},"end":{"line":288,"column":40},"skip":true},{"start":{"line":288,"column":44},"end":{"line":288,"column":67},"skip":true}]},"22":{"line":292,"type":"binary-expr","locations":[{"start":{"line":292,"column":12},"end":{"line":292,"column":50},"skip":true},{"start":{"line":293,"column":12},"end":{"line":293,"column":53},"skip":true}]},"23":{"line":297,"type":"binary-expr","locations":[{"start":{"line":297,"column":12},"end":{"line":297,"column":67},"skip":true},{"start":{"line":298,"column":12},"end":{"line":301,"column":36},"skip":true}]},"24":{"line":303,"type":"binary-expr","locations":[{"start":{"line":303,"column":43},"end":{"line":303,"column":75},"skip":true},{"start":{"line":303,"column":79},"end":{"line":303,"column":81},"skip":true}]},"25":{"line":306,"type":"if","locations":[{"start":{"line":306,"column":8},"end":{"line":306,"column":8},"skip":true},{"start":{"line":306,"column":8},"end":{"line":306,"column":8},"skip":true}]},"26":{"line":310,"type":"if","locations":[{"start":{"line":310,"column":8},"end":{"line":310,"column":8},"skip":true},{"start":{"line":310,"column":8},"end":{"line":310,"column":8},"skip":true}]},"27":{"line":313,"type":"binary-expr","locations":[{"start":{"line":313,"column":27},"end":{"line":313,"column":43},"skip":true},{"start":{"line":313,"column":47},"end":{"line":313,"column":53},"skip":true}]},"28":{"line":317,"type":"if","locations":[{"start":{"line":317,"column":12},"end":{"line":317,"column":12},"skip":true},{"start":{"line":317,"column":12},"end":{"line":317,"column":12},"skip":true}]}},"code":["/*","example.js","","quickstart example","","instruction","    1. save this script as example.js","    2. run the shell command:","        $ npm install npmtest-nanotimer && PORT=8081 node example.js","    3. play with the browser-demo on http://127.0.0.1:8081","*/","","","","/* istanbul instrument in package npmtest_nanotimer */","/*jslint","    bitwise: true,","    browser: true,","    maxerr: 8,","    maxlen: 96,","    node: true,","    nomen: true,","    regexp: true,","    stupid: true","*/","(function () {","    'use strict';","    var local;","","","","    // run shared js-env code - init-before","    (function () {","        // init local","        local = {};","        // init modeJs","        local.modeJs = (function () {","            try {","                return typeof navigator.userAgent === 'string' &&","                    typeof document.querySelector('body') === 'object' &&","                    typeof XMLHttpRequest.prototype.open === 'function' &&","                    'browser';","            } catch (errorCaughtBrowser) {","                return module.exports &&","                    typeof process.versions.node === 'string' &&","                    typeof require('http').createServer === 'function' &&","                    'node';","            }","        }());","        // init global","        local.global = local.modeJs === 'browser'","            ? window","            : global;","        // init utility2_rollup","        local = local.global.utility2_rollup || (local.modeJs === 'browser'","            ? local.global.utility2_npmtest_nanotimer","            : global.utility2_moduleExports);","        // export local","        local.global.local = local;","    }());","    switch (local.modeJs) {","","","","    // init-after","    // run browser js-env code - init-after","    /* istanbul ignore next */","    case 'browser':","        local.testRunBrowser = function (event) {","            if (!event || (event &&","                    event.currentTarget &&","                    event.currentTarget.className &&","                    event.currentTarget.className.includes &&","                    event.currentTarget.className.includes('onreset'))) {","                // reset output","                Array.from(","                    document.querySelectorAll('body > .resettable')","                ).forEach(function (element) {","                    switch (element.tagName) {","                    case 'INPUT':","                    case 'TEXTAREA':","                        element.value = '';","                        break;","                    default:","                        element.textContent = '';","                    }","                });","            }","            switch (event && event.currentTarget && event.currentTarget.id) {","            case 'testRunButton1':","                // show tests","                if (document.querySelector('#testReportDiv1').style.display === 'none') {","                    document.querySelector('#testReportDiv1').style.display = 'block';","                    document.querySelector('#testRunButton1').textContent =","                        'hide internal test';","                    local.modeTest = true;","                    local.testRunDefault(local);","                // hide tests","                } else {","                    document.querySelector('#testReportDiv1').style.display = 'none';","                    document.querySelector('#testRunButton1').textContent = 'run internal test';","                }","                break;","            // custom-case","            default:","                break;","            }","            if (document.querySelector('#inputTextareaEval1') && (!event || (event &&","                    event.currentTarget &&","                    event.currentTarget.className &&","                    event.currentTarget.className.includes &&","                    event.currentTarget.className.includes('oneval')))) {","                // try to eval input-code","                try {","                    /*jslint evil: true*/","                    eval(document.querySelector('#inputTextareaEval1').value);","                } catch (errorCaught) {","                    console.error(errorCaught);","                }","            }","        };","        // log stderr and stdout to #outputTextareaStdout1","        ['error', 'log'].forEach(function (key) {","            console[key + '_original'] = console[key];","            console[key] = function () {","                var element;","                console[key + '_original'].apply(console, arguments);","                element = document.querySelector('#outputTextareaStdout1');","                if (!element) {","                    return;","                }","                // append text to #outputTextareaStdout1","                element.value += Array.from(arguments).map(function (arg) {","                    return typeof arg === 'string'","                        ? arg","                        : JSON.stringify(arg, null, 4);","                }).join(' ') + '\\n';","                // scroll textarea to bottom","                element.scrollTop = element.scrollHeight;","            };","        });","        // init event-handling","        ['change', 'click', 'keyup'].forEach(function (event) {","            Array.from(document.querySelectorAll('.on' + event)).forEach(function (element) {","                element.addEventListener(event, local.testRunBrowser);","            });","        });","        // run tests","        local.testRunBrowser();","        break;","","","","    // run node js-env code - init-after","    /* istanbul ignore next */","    case 'node':","        // export local","        module.exports = local;","        // require modules","        local.fs = require('fs');","        local.http = require('http');","        local.url = require('url');","        // init assets","        local.assetsDict = local.assetsDict || {};","        /* jslint-ignore-begin */","        local.assetsDict['/assets.index.template.html'] = '\\","<!doctype html>\\n\\","<html lang=\"en\">\\n\\","<head>\\n\\","<meta charset=\"UTF-8\">\\n\\","<meta name=\"viewport\" content=\"width=device-width, initial-scale=1\">\\n\\","<title>{{env.npm_package_name}} (v{{env.npm_package_version}})</title>\\n\\","<style>\\n\\","/*csslint\\n\\","    box-sizing: false,\\n\\","    universal-selector: false\\n\\","*/\\n\\","* {\\n\\","    box-sizing: border-box;\\n\\","}\\n\\","body {\\n\\","    background: #dde;\\n\\","    font-family: Arial, Helvetica, sans-serif;\\n\\","    margin: 2rem;\\n\\","}\\n\\","body > * {\\n\\","    margin-bottom: 1rem;\\n\\","}\\n\\",".utility2FooterDiv {\\n\\","    margin-top: 20px;\\n\\","    text-align: center;\\n\\","}\\n\\","</style>\\n\\","<style>\\n\\","/*csslint\\n\\","*/\\n\\","textarea {\\n\\","    font-family: monospace;\\n\\","    height: 10rem;\\n\\","    width: 100%;\\n\\","}\\n\\","textarea[readonly] {\\n\\","    background: #ddd;\\n\\","}\\n\\","</style>\\n\\","</head>\\n\\","<body>\\n\\","<!-- utility2-comment\\n\\","<div id=\"ajaxProgressDiv1\" style=\"background: #d00; height: 2px; left: 0; margin: 0; padding: 0; position: fixed; top: 0; transition: background 0.5s, width 1.5s; width: 25%;\"></div>\\n\\","utility2-comment -->\\n\\","<h1>\\n\\","<!-- utility2-comment\\n\\","    <a\\n\\","        {{#if env.npm_package_homepage}}\\n\\","        href=\"{{env.npm_package_homepage}}\"\\n\\","        {{/if env.npm_package_homepage}}\\n\\","        target=\"_blank\"\\n\\","    >\\n\\","utility2-comment -->\\n\\","        {{env.npm_package_name}} (v{{env.npm_package_version}})\\n\\","<!-- utility2-comment\\n\\","    </a>\\n\\","utility2-comment -->\\n\\","</h1>\\n\\","<h3>{{env.npm_package_description}}</h3>\\n\\","<!-- utility2-comment\\n\\","<h4><a download href=\"assets.app.js\">download standalone app</a></h4>\\n\\","<button class=\"onclick onreset\" id=\"testRunButton1\">run internal test</button><br>\\n\\","<div id=\"testReportDiv1\" style=\"display: none;\"></div>\\n\\","utility2-comment -->\\n\\","\\n\\","\\n\\","\\n\\","<label>stderr and stdout</label>\\n\\","<textarea class=\"resettable\" id=\"outputTextareaStdout1\" readonly></textarea>\\n\\","<!-- utility2-comment\\n\\","{{#if isRollup}}\\n\\","<script src=\"assets.app.js\"></script>\\n\\","{{#unless isRollup}}\\n\\","utility2-comment -->\\n\\","<script src=\"assets.utility2.rollup.js\"></script>\\n\\","<script src=\"jsonp.utility2._stateInit?callback=window.utility2._stateInit\"></script>\\n\\","<script src=\"assets.npmtest_nanotimer.rollup.js\"></script>\\n\\","<script src=\"assets.example.js\"></script>\\n\\","<script src=\"assets.test.js\"></script>\\n\\","<!-- utility2-comment\\n\\","{{/if isRollup}}\\n\\","utility2-comment -->\\n\\","<div class=\"utility2FooterDiv\">\\n\\","    [ this app was created with\\n\\","    <a href=\"https://github.com/kaizhu256/node-utility2\" target=\"_blank\">utility2</a>\\n\\","    ]\\n\\","</div>\\n\\","</body>\\n\\","</html>\\n\\","';","        /* jslint-ignore-end */","        if (local.templateRender) {","            local.assetsDict['/'] = local.templateRender(","                local.assetsDict['/assets.index.template.html'],","                {","                    env: local.objectSetDefault(local.env, {","                        npm_package_description: 'the greatest app in the world!',","                        npm_package_name: 'my-app',","                        npm_package_nameAlias: 'my_app',","                        npm_package_version: '0.0.1'","                    })","                }","            );","        } else {","            local.assetsDict['/'] = local.assetsDict['/assets.index.template.html']","                .replace((/\\{\\{env\\.(\\w+?)\\}\\}/g), function (match0, match1) {","                    // jslint-hack","                    String(match0);","                    switch (match1) {","                    case 'npm_package_description':","                        return 'the greatest app in the world!';","                    case 'npm_package_name':","                        return 'my-app';","                    case 'npm_package_nameAlias':","                        return 'my_app';","                    case 'npm_package_version':","                        return '0.0.1';","                    }","                });","        }","        // run the cli","        if (local.global.utility2_rollup || module !== require.main) {","            break;","        }","        local.assetsDict['/assets.example.js'] =","            local.assetsDict['/assets.example.js'] ||","            local.fs.readFileSync(__filename, 'utf8');","        // bug-workaround - long $npm_package_buildCustomOrg","        /* jslint-ignore-begin */","        local.assetsDict['/assets.npmtest_nanotimer.rollup.js'] =","            local.assetsDict['/assets.npmtest_nanotimer.rollup.js'] ||","            local.fs.readFileSync(","                local.npmtest_nanotimer.__dirname + '/lib.npmtest_nanotimer.js',","                'utf8'","            ).replace((/^#!/), '//');","        /* jslint-ignore-end */","        local.assetsDict['/favicon.ico'] = local.assetsDict['/favicon.ico'] || '';","        // if $npm_config_timeout_exit exists,","        // then exit this process after $npm_config_timeout_exit ms","        if (Number(process.env.npm_config_timeout_exit)) {","            setTimeout(process.exit, Number(process.env.npm_config_timeout_exit));","        }","        // start server","        if (local.global.utility2_serverHttp1) {","            break;","        }","        process.env.PORT = process.env.PORT || '8081';","        console.error('server starting on port ' + process.env.PORT);","        local.http.createServer(function (request, response) {","            request.urlParsed = local.url.parse(request.url);","            if (local.assetsDict[request.urlParsed.pathname] !== undefined) {","                response.end(local.assetsDict[request.urlParsed.pathname]);","                return;","            }","            response.statusCode = 404;","            response.end();","        }).listen(process.env.PORT);","        break;","    }","}());",""],"l":{"26":2,"28":2,"33":2,"35":2,"37":2,"38":2,"39":2,"44":1,"51":2,"55":2,"59":2,"61":2,"69":1,"70":2,"76":2,"79":2,"82":2,"83":2,"85":1,"89":2,"92":1,"93":1,"94":1,"96":1,"97":1,"100":1,"101":1,"103":1,"106":1,"108":2,"114":1,"116":1,"118":1,"123":1,"124":2,"125":2,"126":3,"127":3,"128":3,"129":3,"130":1,"133":3,"134":3,"139":3,"143":1,"144":3,"145":1,"149":1,"150":1,"158":1,"160":1,"161":1,"162":1,"164":1,"166":1,"258":1,"259":1,"271":1,"274":6,"275":6,"277":1,"279":2,"281":1,"283":2,"288":1,"289":1,"291":1,"296":1,"303":1,"306":1,"307":1,"310":1,"311":1,"313":1,"314":1,"315":1,"316":1,"317":1,"318":1,"319":1,"321":1,"322":1,"324":1}},"/home/travis/build/npmtest/node-npmtest-nanotimer/node_modules/nanotimer/lib/nanotimer.js":{"path":"/home/travis/build/npmtest/node-npmtest-nanotimer/node_modules/nanotimer/lib/nanotimer.js","s":{"1":1,"2":0,"3":0,"4":0,"5":0,"6":0,"7":0,"8":0,"9":0,"10":0,"11":0,"12":0,"13":0,"14":0,"15":0,"16":0,"17":0,"18":0,"19":0,"20":0,"21":0,"22":0,"23":0,"24":0,"25":1,"26":0,"27":0,"28":0,"29":0,"30":0,"31":0,"32":0,"33":0,"34":0,"35":0,"36":0,"37":0,"38":0,"39":0,"40":0,"41":0,"42":0,"43":0,"44":0,"45":0,"46":0,"47":0,"48":0,"49":0,"50":0,"51":0,"52":0,"53":0,"54":0,"55":0,"56":0,"57":0,"58":0,"59":0,"60":0,"61":0,"62":0,"63":0,"64":0,"65":0,"66":1,"67":0,"68":0,"69":0,"70":0,"71":0,"72":0,"73":0,"74":0,"75":0,"76":0,"77":0,"78":0,"79":0,"80":0,"81":0,"82":0,"83":0,"84":0,"85":0,"86":0,"87":0,"88":0,"89":0,"90":0,"91":0,"92":0,"93":0,"94":0,"95":0,"96":0,"97":0,"98":0,"99":0,"100":0,"101":0,"102":0,"103":0,"104":0,"105":0,"106":0,"107":0,"108":0,"109":0,"110":0,"111":0,"112":0,"113":0,"114":0,"115":0,"116":0,"117":0,"118":0,"119":0,"120":0,"121":0,"122":0,"123":0,"124":0,"125":0,"126":0,"127":0,"128":0,"129":0,"130":0,"131":0,"132":0,"133":0,"134":0,"135":0,"136":0,"137":1,"138":0,"139":0,"140":0,"141":0,"142":0,"143":0,"144":0,"145":0,"146":0,"147":0,"148":0,"149":0,"150":0,"151":0,"152":0,"153":0,"154":0,"155":0,"156":0,"157":0,"158":0,"159":0,"160":0,"161":0,"162":0,"163":0,"164":0,"165":0,"166":0,"167":0,"168":0,"169":0,"170":0,"171":0,"172":0,"173":0,"174":0,"175":0,"176":0,"177":0,"178":0,"179":0,"180":0,"181":0,"182":0,"183":0,"184":0,"185":0,"186":0,"187":0,"188":0,"189":0,"190":0,"191":0,"192":0,"193":0,"194":0,"195":0,"196":0,"197":1,"198":0,"199":0,"200":0,"201":0,"202":0,"203":0,"204":0,"205":0,"206":0,"207":0,"208":1,"209":0,"210":0,"211":0,"212":0,"213":0,"214":0,"215":0,"216":0,"217":0,"218":0,"219":0,"220":0,"221":0,"222":1},"b":{"1":[0,0],"2":[0,0],"3":[0,0],"4":[0,0],"5":[0,0],"6":[0,0],"7":[0,0],"8":[0,0],"9":[0,0],"10":[0,0],"11":[0,0],"12":[0,0],"13":[0,0],"14":[0,0],"15":[0,0],"16":[0,0],"17":[0,0],"18":[0,0],"19":[0,0],"20":[0,0],"21":[0,0],"22":[0,0],"23":[0,0],"24":[0,0],"25":[0,0],"26":[0,0],"27":[0,0],"28":[0,0],"29":[0,0],"30":[0,0],"31":[0,0],"32":[0,0],"33":[0,0],"34":[0,0],"35":[0,0],"36":[0,0],"37":[0,0],"38":[0,0],"39":[0,0],"40":[0,0],"41":[0,0],"42":[0,0],"43":[0,0],"44":[0,0],"45":[0,0],"46":[0,0],"47":[0,0],"48":[0,0],"49":[0,0],"50":[0,0],"51":[0,0],"52":[0,0],"53":[0,0],"54":[0,0],"55":[0,0],"56":[0,0],"57":[0,0],"58":[0,0],"59":[0,0],"60":[0,0],"61":[0,0],"62":[0,0],"63":[0,0],"64":[0,0],"65":[0,0],"66":[0,0],"67":[0,0]},"f":{"1":0,"2":0,"3":0,"4":0,"5":0,"6":0,"7":0,"8":0,"9":0,"10":0,"11":0,"12":0,"13":0,"14":0,"15":0,"16":0},"fnMap":{"1":{"name":"NanoTimer","line":1,"loc":{"start":{"line":1,"column":0},"end":{"line":1,"column":23}}},"2":{"name":"(anonymous_2)","line":45,"loc":{"start":{"line":45,"column":27},"end":{"line":45,"column":65}}},"3":{"name":"(anonymous_3)","line":53,"loc":{"start":{"line":53,"column":13},"end":{"line":53,"column":23}}},"4":{"name":"(anonymous_4)","line":70,"loc":{"start":{"line":70,"column":8},"end":{"line":70,"column":18}}},"5":{"name":"(anonymous_5)","line":112,"loc":{"start":{"line":112,"column":34},"end":{"line":112,"column":74}}},"6":{"name":"(anonymous_6)","line":200,"loc":{"start":{"line":200,"column":43},"end":{"line":200,"column":53}}},"7":{"name":"(anonymous_7)","line":203,"loc":{"start":{"line":203,"column":46},"end":{"line":203,"column":56}}},"8":{"name":"(anonymous_8)","line":206,"loc":{"start":{"line":206,"column":45},"end":{"line":206,"column":55}}},"9":{"name":"(anonymous_9)","line":227,"loc":{"start":{"line":227,"column":45},"end":{"line":227,"column":55}}},"10":{"name":"(anonymous_10)","line":247,"loc":{"start":{"line":247,"column":44},"end":{"line":247,"column":54}}},"11":{"name":"(anonymous_11)","line":252,"loc":{"start":{"line":252,"column":33},"end":{"line":252,"column":70}}},"12":{"name":"(anonymous_12)","line":324,"loc":{"start":{"line":324,"column":41},"end":{"line":324,"column":51}}},"13":{"name":"(anonymous_13)","line":327,"loc":{"start":{"line":327,"column":44},"end":{"line":327,"column":54}}},"14":{"name":"(anonymous_14)","line":330,"loc":{"start":{"line":330,"column":43},"end":{"line":330,"column":53}}},"15":{"name":"(anonymous_15)","line":356,"loc":{"start":{"line":356,"column":36},"end":{"line":356,"column":46}}},"16":{"name":"(anonymous_16)","line":380,"loc":{"start":{"line":380,"column":35},"end":{"line":380,"column":45}}}},"statementMap":{"1":{"start":{"line":1,"column":0},"end":{"line":43,"column":1}},"2":{"start":{"line":3,"column":1},"end":{"line":3,"column":31}},"3":{"start":{"line":4,"column":1},"end":{"line":4,"column":35}},"4":{"start":{"line":5,"column":1},"end":{"line":5,"column":29}},"5":{"start":{"line":6,"column":1},"end":{"line":6,"column":35}},"6":{"start":{"line":8,"column":1},"end":{"line":11,"column":2}},"7":{"start":{"line":9,"column":2},"end":{"line":9,"column":107}},"8":{"start":{"line":10,"column":2},"end":{"line":10,"column":18}},"9":{"start":{"line":14,"column":1},"end":{"line":14,"column":24}},"10":{"start":{"line":15,"column":1},"end":{"line":15,"column":23}},"11":{"start":{"line":16,"column":1},"end":{"line":16,"column":24}},"12":{"start":{"line":19,"column":1},"end":{"line":19,"column":31}},"13":{"start":{"line":20,"column":1},"end":{"line":20,"column":30}},"14":{"start":{"line":23,"column":1},"end":{"line":23,"column":32}},"15":{"start":{"line":24,"column":1},"end":{"line":24,"column":33}},"16":{"start":{"line":27,"column":1},"end":{"line":27,"column":32}},"17":{"start":{"line":28,"column":1},"end":{"line":28,"column":33}},"18":{"start":{"line":31,"column":1},"end":{"line":31,"column":33}},"19":{"start":{"line":32,"column":1},"end":{"line":32,"column":34}},"20":{"start":{"line":34,"column":1},"end":{"line":34,"column":35}},"21":{"start":{"line":36,"column":1},"end":{"line":36,"column":24}},"22":{"start":{"line":38,"column":1},"end":{"line":38,"column":31}},"23":{"start":{"line":40,"column":1},"end":{"line":42,"column":2}},"24":{"start":{"line":41,"column":2},"end":{"line":41,"column":22}},"25":{"start":{"line":45,"column":0},"end":{"line":110,"column":2}},"26":{"start":{"line":47,"column":1},"end":{"line":109,"column":2}},"27":{"start":{"line":48,"column":2},"end":{"line":48,"column":28}},"28":{"start":{"line":51,"column":2},"end":{"line":84,"column":3}},"29":{"start":{"line":53,"column":3},"end":{"line":66,"column":6}},"30":{"start":{"line":54,"column":4},"end":{"line":54,"column":34}},"31":{"start":{"line":55,"column":4},"end":{"line":65,"column":5}},"32":{"start":{"line":56,"column":5},"end":{"line":56,"column":44}},"33":{"start":{"line":57,"column":11},"end":{"line":65,"column":5}},"34":{"start":{"line":58,"column":5},"end":{"line":58,"column":46}},"35":{"start":{"line":59,"column":11},"end":{"line":65,"column":5}},"36":{"start":{"line":60,"column":5},"end":{"line":60,"column":46}},"37":{"start":{"line":61,"column":11},"end":{"line":65,"column":5}},"38":{"start":{"line":62,"column":5},"end":{"line":62,"column":44}},"39":{"start":{"line":64,"column":5},"end":{"line":64,"column":20}},"40":{"start":{"line":68,"column":3},"end":{"line":68,"column":26}},"41":{"start":{"line":70,"column":3},"end":{"line":83,"column":6}},"42":{"start":{"line":71,"column":4},"end":{"line":71,"column":34}},"43":{"start":{"line":72,"column":4},"end":{"line":82,"column":5}},"44":{"start":{"line":73,"column":5},"end":{"line":73,"column":44}},"45":{"start":{"line":74,"column":11},"end":{"line":82,"column":5}},"46":{"start":{"line":75,"column":5},"end":{"line":75,"column":46}},"47":{"start":{"line":76,"column":11},"end":{"line":82,"column":5}},"48":{"start":{"line":77,"column":5},"end":{"line":77,"column":46}},"49":{"start":{"line":78,"column":11},"end":{"line":82,"column":5}},"50":{"start":{"line":79,"column":5},"end":{"line":79,"column":44}},"51":{"start":{"line":81,"column":5},"end":{"line":81,"column":20}},"52":{"start":{"line":88,"column":2},"end":{"line":88,"column":28}},"53":{"start":{"line":90,"column":2},"end":{"line":94,"column":3}},"54":{"start":{"line":91,"column":3},"end":{"line":91,"column":26}},"55":{"start":{"line":93,"column":3},"end":{"line":93,"column":10}},"56":{"start":{"line":96,"column":2},"end":{"line":96,"column":30}},"57":{"start":{"line":98,"column":2},"end":{"line":108,"column":3}},"58":{"start":{"line":99,"column":3},"end":{"line":99,"column":35}},"59":{"start":{"line":100,"column":9},"end":{"line":108,"column":3}},"60":{"start":{"line":101,"column":3},"end":{"line":101,"column":37}},"61":{"start":{"line":102,"column":9},"end":{"line":108,"column":3}},"62":{"start":{"line":103,"column":3},"end":{"line":103,"column":37}},"63":{"start":{"line":104,"column":9},"end":{"line":108,"column":3}},"64":{"start":{"line":105,"column":3},"end":{"line":105,"column":35}},"65":{"start":{"line":107,"column":3},"end":{"line":107,"column":29}},"66":{"start":{"line":112,"column":0},"end":{"line":250,"column":2}},"67":{"start":{"line":114,"column":1},"end":{"line":163,"column":2}},"68":{"start":{"line":116,"column":2},"end":{"line":124,"column":3}},"69":{"start":{"line":117,"column":3},"end":{"line":117,"column":67}},"70":{"start":{"line":118,"column":3},"end":{"line":118,"column":19}},"71":{"start":{"line":120,"column":3},"end":{"line":123,"column":4}},"72":{"start":{"line":121,"column":4},"end":{"line":121,"column":77}},"73":{"start":{"line":122,"column":4},"end":{"line":122,"column":20}},"74":{"start":{"line":127,"column":2},"end":{"line":135,"column":3}},"75":{"start":{"line":128,"column":3},"end":{"line":128,"column":57}},"76":{"start":{"line":129,"column":3},"end":{"line":129,"column":19}},"77":{"start":{"line":131,"column":3},"end":{"line":134,"column":4}},"78":{"start":{"line":132,"column":4},"end":{"line":132,"column":184}},"79":{"start":{"line":133,"column":4},"end":{"line":133,"column":20}},"80":{"start":{"line":138,"column":2},"end":{"line":145,"column":3}},"81":{"start":{"line":139,"column":3},"end":{"line":144,"column":4}},"82":{"start":{"line":140,"column":4},"end":{"line":140,"column":81}},"83":{"start":{"line":141,"column":4},"end":{"line":141,"column":20}},"84":{"start":{"line":143,"column":4},"end":{"line":143,"column":40}},"85":{"start":{"line":147,"column":2},"end":{"line":147,"column":50}},"86":{"start":{"line":149,"column":2},"end":{"line":160,"column":3}},"87":{"start":{"line":150,"column":3},"end":{"line":150,"column":73}},"88":{"start":{"line":151,"column":9},"end":{"line":160,"column":3}},"89":{"start":{"line":152,"column":3},"end":{"line":152,"column":70}},"90":{"start":{"line":153,"column":9},"end":{"line":160,"column":3}},"91":{"start":{"line":154,"column":3},"end":{"line":154,"column":67}},"92":{"start":{"line":155,"column":9},"end":{"line":160,"column":3}},"93":{"start":{"line":156,"column":3},"end":{"line":156,"column":60}},"94":{"start":{"line":158,"column":3},"end":{"line":158,"column":196}},"95":{"start":{"line":159,"column":3},"end":{"line":159,"column":19}},"96":{"start":{"line":162,"column":2},"end":{"line":162,"column":35}},"97":{"start":{"line":169,"column":1},"end":{"line":169,"column":22}},"98":{"start":{"line":171,"column":1},"end":{"line":249,"column":2}},"99":{"start":{"line":174,"column":2},"end":{"line":176,"column":3}},"100":{"start":{"line":175,"column":3},"end":{"line":175,"column":38}},"101":{"start":{"line":181,"column":2},"end":{"line":184,"column":3}},"102":{"start":{"line":182,"column":3},"end":{"line":182,"column":38}},"103":{"start":{"line":183,"column":3},"end":{"line":183,"column":26}},"104":{"start":{"line":188,"column":2},"end":{"line":188,"column":50}},"105":{"start":{"line":189,"column":2},"end":{"line":189,"column":68}},"106":{"start":{"line":193,"column":2},"end":{"line":229,"column":3}},"107":{"start":{"line":196,"column":3},"end":{"line":207,"column":4}},"108":{"start":{"line":197,"column":4},"end":{"line":204,"column":5}},"109":{"start":{"line":198,"column":5},"end":{"line":198,"column":34}},"110":{"start":{"line":199,"column":5},"end":{"line":199,"column":62}},"111":{"start":{"line":200,"column":5},"end":{"line":200,"column":120}},"112":{"start":{"line":200,"column":54},"end":{"line":200,"column":108}},"113":{"start":{"line":202,"column":5},"end":{"line":202,"column":37}},"114":{"start":{"line":203,"column":5},"end":{"line":203,"column":114}},"115":{"start":{"line":203,"column":57},"end":{"line":203,"column":111}},"116":{"start":{"line":206,"column":4},"end":{"line":206,"column":113}},"117":{"start":{"line":206,"column":56},"end":{"line":206,"column":110}},"118":{"start":{"line":210,"column":3},"end":{"line":210,"column":36}},"119":{"start":{"line":212,"column":3},"end":{"line":214,"column":4}},"120":{"start":{"line":213,"column":4},"end":{"line":213,"column":71}},"121":{"start":{"line":217,"column":3},"end":{"line":221,"column":4}},"122":{"start":{"line":218,"column":4},"end":{"line":218,"column":27}},"123":{"start":{"line":220,"column":4},"end":{"line":220,"column":11}},"124":{"start":{"line":224,"column":3},"end":{"line":228,"column":4}},"125":{"start":{"line":225,"column":4},"end":{"line":225,"column":25}},"126":{"start":{"line":226,"column":4},"end":{"line":226,"column":34}},"127":{"start":{"line":227,"column":4},"end":{"line":227,"column":113}},"128":{"start":{"line":227,"column":56},"end":{"line":227,"column":110}},"129":{"start":{"line":235,"column":2},"end":{"line":237,"column":3}},"130":{"start":{"line":236,"column":3},"end":{"line":236,"column":38}},"131":{"start":{"line":239,"column":2},"end":{"line":243,"column":3}},"132":{"start":{"line":240,"column":3},"end":{"line":240,"column":26}},"133":{"start":{"line":242,"column":3},"end":{"line":242,"column":10}},"134":{"start":{"line":246,"column":2},"end":{"line":248,"column":3}},"135":{"start":{"line":247,"column":3},"end":{"line":247,"column":112}},"136":{"start":{"line":247,"column":55},"end":{"line":247,"column":109}},"137":{"start":{"line":252,"column":0},"end":{"line":354,"column":2}},"138":{"start":{"line":255,"column":1},"end":{"line":263,"column":2}},"139":{"start":{"line":256,"column":2},"end":{"line":256,"column":65}},"140":{"start":{"line":257,"column":2},"end":{"line":257,"column":18}},"141":{"start":{"line":259,"column":2},"end":{"line":262,"column":3}},"142":{"start":{"line":260,"column":3},"end":{"line":260,"column":75}},"143":{"start":{"line":261,"column":3},"end":{"line":261,"column":19}},"144":{"start":{"line":266,"column":1},"end":{"line":274,"column":2}},"145":{"start":{"line":267,"column":2},"end":{"line":267,"column":52}},"146":{"start":{"line":268,"column":2},"end":{"line":268,"column":18}},"147":{"start":{"line":270,"column":2},"end":{"line":273,"column":3}},"148":{"start":{"line":271,"column":3},"end":{"line":271,"column":179}},"149":{"start":{"line":272,"column":3},"end":{"line":272,"column":19}},"150":{"start":{"line":277,"column":1},"end":{"line":284,"column":2}},"151":{"start":{"line":278,"column":2},"end":{"line":283,"column":3}},"152":{"start":{"line":279,"column":3},"end":{"line":279,"column":79}},"153":{"start":{"line":280,"column":3},"end":{"line":280,"column":19}},"154":{"start":{"line":282,"column":3},"end":{"line":282,"column":38}},"155":{"start":{"line":287,"column":1},"end":{"line":287,"column":22}},"156":{"start":{"line":289,"column":1},"end":{"line":291,"column":2}},"157":{"start":{"line":290,"column":2},"end":{"line":290,"column":32}},"158":{"start":{"line":293,"column":1},"end":{"line":293,"column":39}},"159":{"start":{"line":295,"column":1},"end":{"line":306,"column":2}},"160":{"start":{"line":296,"column":2},"end":{"line":296,"column":62}},"161":{"start":{"line":297,"column":8},"end":{"line":306,"column":2}},"162":{"start":{"line":298,"column":2},"end":{"line":298,"column":59}},"163":{"start":{"line":299,"column":8},"end":{"line":306,"column":2}},"164":{"start":{"line":300,"column":2},"end":{"line":300,"column":56}},"165":{"start":{"line":301,"column":8},"end":{"line":306,"column":2}},"166":{"start":{"line":302,"column":2},"end":{"line":302,"column":49}},"167":{"start":{"line":304,"column":2},"end":{"line":304,"column":189}},"168":{"start":{"line":305,"column":2},"end":{"line":305,"column":18}},"169":{"start":{"line":309,"column":1},"end":{"line":311,"column":2}},"170":{"start":{"line":310,"column":2},"end":{"line":310,"column":36}},"171":{"start":{"line":314,"column":1},"end":{"line":314,"column":47}},"172":{"start":{"line":315,"column":1},"end":{"line":315,"column":56}},"173":{"start":{"line":318,"column":1},"end":{"line":353,"column":2}},"174":{"start":{"line":320,"column":2},"end":{"line":331,"column":3}},"175":{"start":{"line":321,"column":3},"end":{"line":328,"column":4}},"176":{"start":{"line":322,"column":4},"end":{"line":322,"column":32}},"177":{"start":{"line":323,"column":4},"end":{"line":323,"column":53}},"178":{"start":{"line":324,"column":4},"end":{"line":324,"column":114}},"179":{"start":{"line":324,"column":52},"end":{"line":324,"column":102}},"180":{"start":{"line":326,"column":4},"end":{"line":326,"column":35}},"181":{"start":{"line":327,"column":4},"end":{"line":327,"column":108}},"182":{"start":{"line":327,"column":55},"end":{"line":327,"column":105}},"183":{"start":{"line":330,"column":3},"end":{"line":330,"column":107}},"184":{"start":{"line":330,"column":54},"end":{"line":330,"column":104}},"185":{"start":{"line":333,"column":2},"end":{"line":333,"column":31}},"186":{"start":{"line":334,"column":2},"end":{"line":334,"column":34}},"187":{"start":{"line":335,"column":2},"end":{"line":335,"column":24}},"188":{"start":{"line":336,"column":2},"end":{"line":336,"column":31}},"189":{"start":{"line":338,"column":2},"end":{"line":340,"column":3}},"190":{"start":{"line":339,"column":3},"end":{"line":339,"column":63}},"191":{"start":{"line":342,"column":2},"end":{"line":346,"column":3}},"192":{"start":{"line":343,"column":3},"end":{"line":343,"column":26}},"193":{"start":{"line":345,"column":3},"end":{"line":345,"column":10}},"194":{"start":{"line":348,"column":2},"end":{"line":351,"column":3}},"195":{"start":{"line":349,"column":3},"end":{"line":349,"column":35}},"196":{"start":{"line":350,"column":3},"end":{"line":350,"column":18}},"197":{"start":{"line":356,"column":0},"end":{"line":378,"column":2}},"198":{"start":{"line":359,"column":1},"end":{"line":363,"column":2}},"199":{"start":{"line":360,"column":2},"end":{"line":360,"column":41}},"200":{"start":{"line":362,"column":2},"end":{"line":362,"column":32}},"201":{"start":{"line":365,"column":1},"end":{"line":367,"column":2}},"202":{"start":{"line":366,"column":2},"end":{"line":366,"column":44}},"203":{"start":{"line":369,"column":1},"end":{"line":369,"column":24}},"204":{"start":{"line":370,"column":1},"end":{"line":370,"column":24}},"205":{"start":{"line":371,"column":1},"end":{"line":371,"column":35}},"206":{"start":{"line":374,"column":1},"end":{"line":376,"column":2}},"207":{"start":{"line":375,"column":2},"end":{"line":375,"column":29}},"208":{"start":{"line":380,"column":0},"end":{"line":407,"column":2}},"209":{"start":{"line":384,"column":1},"end":{"line":406,"column":2}},"210":{"start":{"line":385,"column":2},"end":{"line":394,"column":3}},"211":{"start":{"line":386,"column":3},"end":{"line":386,"column":41}},"212":{"start":{"line":388,"column":3},"end":{"line":391,"column":4}},"213":{"start":{"line":389,"column":4},"end":{"line":389,"column":50}},"214":{"start":{"line":390,"column":4},"end":{"line":390,"column":59}},"215":{"start":{"line":393,"column":3},"end":{"line":393,"column":32}},"216":{"start":{"line":396,"column":2},"end":{"line":398,"column":3}},"217":{"start":{"line":397,"column":3},"end":{"line":397,"column":44}},"218":{"start":{"line":400,"column":2},"end":{"line":400,"column":24}},"219":{"start":{"line":402,"column":2},"end":{"line":405,"column":3}},"220":{"start":{"line":403,"column":3},"end":{"line":403,"column":35}},"221":{"start":{"line":404,"column":3},"end":{"line":404,"column":33}},"222":{"start":{"line":409,"column":0},"end":{"line":409,"column":27}}},"branchMap":{"1":{"line":8,"type":"if","locations":[{"start":{"line":8,"column":1},"end":{"line":8,"column":1}},{"start":{"line":8,"column":1},"end":{"line":8,"column":1}}]},"2":{"line":8,"type":"binary-expr","locations":[{"start":{"line":8,"column":6},"end":{"line":8,"column":16}},{"start":{"line":8,"column":22},"end":{"line":8,"column":32}}]},"3":{"line":40,"type":"if","locations":[{"start":{"line":40,"column":1},"end":{"line":40,"column":1}},{"start":{"line":40,"column":1},"end":{"line":40,"column":1}}]},"4":{"line":47,"type":"if","locations":[{"start":{"line":47,"column":1},"end":{"line":47,"column":1}},{"start":{"line":47,"column":1},"end":{"line":47,"column":1}}]},"5":{"line":51,"type":"if","locations":[{"start":{"line":51,"column":2},"end":{"line":51,"column":2}},{"start":{"line":51,"column":2},"end":{"line":51,"column":2}}]},"6":{"line":55,"type":"if","locations":[{"start":{"line":55,"column":4},"end":{"line":55,"column":4}},{"start":{"line":55,"column":4},"end":{"line":55,"column":4}}]},"7":{"line":57,"type":"if","locations":[{"start":{"line":57,"column":11},"end":{"line":57,"column":11}},{"start":{"line":57,"column":11},"end":{"line":57,"column":11}}]},"8":{"line":59,"type":"if","locations":[{"start":{"line":59,"column":11},"end":{"line":59,"column":11}},{"start":{"line":59,"column":11},"end":{"line":59,"column":11}}]},"9":{"line":61,"type":"if","locations":[{"start":{"line":61,"column":11},"end":{"line":61,"column":11}},{"start":{"line":61,"column":11},"end":{"line":61,"column":11}}]},"10":{"line":72,"type":"if","locations":[{"start":{"line":72,"column":4},"end":{"line":72,"column":4}},{"start":{"line":72,"column":4},"end":{"line":72,"column":4}}]},"11":{"line":74,"type":"if","locations":[{"start":{"line":74,"column":11},"end":{"line":74,"column":11}},{"start":{"line":74,"column":11},"end":{"line":74,"column":11}}]},"12":{"line":76,"type":"if","locations":[{"start":{"line":76,"column":11},"end":{"line":76,"column":11}},{"start":{"line":76,"column":11},"end":{"line":76,"column":11}}]},"13":{"line":78,"type":"if","locations":[{"start":{"line":78,"column":11},"end":{"line":78,"column":11}},{"start":{"line":78,"column":11},"end":{"line":78,"column":11}}]},"14":{"line":90,"type":"if","locations":[{"start":{"line":90,"column":2},"end":{"line":90,"column":2}},{"start":{"line":90,"column":2},"end":{"line":90,"column":2}}]},"15":{"line":98,"type":"if","locations":[{"start":{"line":98,"column":2},"end":{"line":98,"column":2}},{"start":{"line":98,"column":2},"end":{"line":98,"column":2}}]},"16":{"line":100,"type":"if","locations":[{"start":{"line":100,"column":9},"end":{"line":100,"column":9}},{"start":{"line":100,"column":9},"end":{"line":100,"column":9}}]},"17":{"line":102,"type":"if","locations":[{"start":{"line":102,"column":9},"end":{"line":102,"column":9}},{"start":{"line":102,"column":9},"end":{"line":102,"column":9}}]},"18":{"line":104,"type":"if","locations":[{"start":{"line":104,"column":9},"end":{"line":104,"column":9}},{"start":{"line":104,"column":9},"end":{"line":104,"column":9}}]},"19":{"line":114,"type":"if","locations":[{"start":{"line":114,"column":1},"end":{"line":114,"column":1}},{"start":{"line":114,"column":1},"end":{"line":114,"column":1}}]},"20":{"line":116,"type":"if","locations":[{"start":{"line":116,"column":2},"end":{"line":116,"column":2}},{"start":{"line":116,"column":2},"end":{"line":116,"column":2}}]},"21":{"line":120,"type":"if","locations":[{"start":{"line":120,"column":3},"end":{"line":120,"column":3}},{"start":{"line":120,"column":3},"end":{"line":120,"column":3}}]},"22":{"line":127,"type":"if","locations":[{"start":{"line":127,"column":2},"end":{"line":127,"column":2}},{"start":{"line":127,"column":2},"end":{"line":127,"column":2}}]},"23":{"line":131,"type":"if","locations":[{"start":{"line":131,"column":3},"end":{"line":131,"column":3}},{"start":{"line":131,"column":3},"end":{"line":131,"column":3}}]},"24":{"line":138,"type":"if","locations":[{"start":{"line":138,"column":2},"end":{"line":138,"column":2}},{"start":{"line":138,"column":2},"end":{"line":138,"column":2}}]},"25":{"line":139,"type":"if","locations":[{"start":{"line":139,"column":3},"end":{"line":139,"column":3}},{"start":{"line":139,"column":3},"end":{"line":139,"column":3}}]},"26":{"line":149,"type":"if","locations":[{"start":{"line":149,"column":2},"end":{"line":149,"column":2}},{"start":{"line":149,"column":2},"end":{"line":149,"column":2}}]},"27":{"line":151,"type":"if","locations":[{"start":{"line":151,"column":9},"end":{"line":151,"column":9}},{"start":{"line":151,"column":9},"end":{"line":151,"column":9}}]},"28":{"line":153,"type":"if","locations":[{"start":{"line":153,"column":9},"end":{"line":153,"column":9}},{"start":{"line":153,"column":9},"end":{"line":153,"column":9}}]},"29":{"line":155,"type":"if","locations":[{"start":{"line":155,"column":9},"end":{"line":155,"column":9}},{"start":{"line":155,"column":9},"end":{"line":155,"column":9}}]},"30":{"line":171,"type":"if","locations":[{"start":{"line":171,"column":1},"end":{"line":171,"column":1}},{"start":{"line":171,"column":1},"end":{"line":171,"column":1}}]},"31":{"line":174,"type":"if","locations":[{"start":{"line":174,"column":2},"end":{"line":174,"column":2}},{"start":{"line":174,"column":2},"end":{"line":174,"column":2}}]},"32":{"line":181,"type":"if","locations":[{"start":{"line":181,"column":2},"end":{"line":181,"column":2}},{"start":{"line":181,"column":2},"end":{"line":181,"column":2}}]},"33":{"line":193,"type":"if","locations":[{"start":{"line":193,"column":2},"end":{"line":193,"column":2}},{"start":{"line":193,"column":2},"end":{"line":193,"column":2}}]},"34":{"line":196,"type":"if","locations":[{"start":{"line":196,"column":3},"end":{"line":196,"column":3}},{"start":{"line":196,"column":3},"end":{"line":196,"column":3}}]},"35":{"line":197,"type":"if","locations":[{"start":{"line":197,"column":4},"end":{"line":197,"column":4}},{"start":{"line":197,"column":4},"end":{"line":197,"column":4}}]},"36":{"line":212,"type":"if","locations":[{"start":{"line":212,"column":3},"end":{"line":212,"column":3}},{"start":{"line":212,"column":3},"end":{"line":212,"column":3}}]},"37":{"line":217,"type":"if","locations":[{"start":{"line":217,"column":3},"end":{"line":217,"column":3}},{"start":{"line":217,"column":3},"end":{"line":217,"column":3}}]},"38":{"line":224,"type":"if","locations":[{"start":{"line":224,"column":3},"end":{"line":224,"column":3}},{"start":{"line":224,"column":3},"end":{"line":224,"column":3}}]},"39":{"line":235,"type":"if","locations":[{"start":{"line":235,"column":2},"end":{"line":235,"column":2}},{"start":{"line":235,"column":2},"end":{"line":235,"column":2}}]},"40":{"line":239,"type":"if","locations":[{"start":{"line":239,"column":2},"end":{"line":239,"column":2}},{"start":{"line":239,"column":2},"end":{"line":239,"column":2}}]},"41":{"line":246,"type":"if","locations":[{"start":{"line":246,"column":2},"end":{"line":246,"column":2}},{"start":{"line":246,"column":2},"end":{"line":246,"column":2}}]},"42":{"line":255,"type":"if","locations":[{"start":{"line":255,"column":1},"end":{"line":255,"column":1}},{"start":{"line":255,"column":1},"end":{"line":255,"column":1}}]},"43":{"line":259,"type":"if","locations":[{"start":{"line":259,"column":2},"end":{"line":259,"column":2}},{"start":{"line":259,"column":2},"end":{"line":259,"column":2}}]},"44":{"line":266,"type":"if","locations":[{"start":{"line":266,"column":1},"end":{"line":266,"column":1}},{"start":{"line":266,"column":1},"end":{"line":266,"column":1}}]},"45":{"line":270,"type":"if","locations":[{"start":{"line":270,"column":2},"end":{"line":270,"column":2}},{"start":{"line":270,"column":2},"end":{"line":270,"column":2}}]},"46":{"line":277,"type":"if","locations":[{"start":{"line":277,"column":1},"end":{"line":277,"column":1}},{"start":{"line":277,"column":1},"end":{"line":277,"column":1}}]},"47":{"line":278,"type":"if","locations":[{"start":{"line":278,"column":2},"end":{"line":278,"column":2}},{"start":{"line":278,"column":2},"end":{"line":278,"column":2}}]},"48":{"line":289,"type":"if","locations":[{"start":{"line":289,"column":1},"end":{"line":289,"column":1}},{"start":{"line":289,"column":1},"end":{"line":289,"column":1}}]},"49":{"line":295,"type":"if","locations":[{"start":{"line":295,"column":1},"end":{"line":295,"column":1}},{"start":{"line":295,"column":1},"end":{"line":295,"column":1}}]},"50":{"line":297,"type":"if","locations":[{"start":{"line":297,"column":8},"end":{"line":297,"column":8}},{"start":{"line":297,"column":8},"end":{"line":297,"column":8}}]},"51":{"line":299,"type":"if","locations":[{"start":{"line":299,"column":8},"end":{"line":299,"column":8}},{"start":{"line":299,"column":8},"end":{"line":299,"column":8}}]},"52":{"line":301,"type":"if","locations":[{"start":{"line":301,"column":8},"end":{"line":301,"column":8}},{"start":{"line":301,"column":8},"end":{"line":301,"column":8}}]},"53":{"line":309,"type":"if","locations":[{"start":{"line":309,"column":1},"end":{"line":309,"column":1}},{"start":{"line":309,"column":1},"end":{"line":309,"column":1}}]},"54":{"line":318,"type":"if","locations":[{"start":{"line":318,"column":1},"end":{"line":318,"column":1}},{"start":{"line":318,"column":1},"end":{"line":318,"column":1}}]},"55":{"line":320,"type":"if","locations":[{"start":{"line":320,"column":2},"end":{"line":320,"column":2}},{"start":{"line":320,"column":2},"end":{"line":320,"column":2}}]},"56":{"line":321,"type":"if","locations":[{"start":{"line":321,"column":3},"end":{"line":321,"column":3}},{"start":{"line":321,"column":3},"end":{"line":321,"column":3}}]},"57":{"line":338,"type":"if","locations":[{"start":{"line":338,"column":2},"end":{"line":338,"column":2}},{"start":{"line":338,"column":2},"end":{"line":338,"column":2}}]},"58":{"line":342,"type":"if","locations":[{"start":{"line":342,"column":2},"end":{"line":342,"column":2}},{"start":{"line":342,"column":2},"end":{"line":342,"column":2}}]},"59":{"line":348,"type":"if","locations":[{"start":{"line":348,"column":2},"end":{"line":348,"column":2}},{"start":{"line":348,"column":2},"end":{"line":348,"column":2}}]},"60":{"line":359,"type":"if","locations":[{"start":{"line":359,"column":1},"end":{"line":359,"column":1}},{"start":{"line":359,"column":1},"end":{"line":359,"column":1}}]},"61":{"line":365,"type":"if","locations":[{"start":{"line":365,"column":1},"end":{"line":365,"column":1}},{"start":{"line":365,"column":1},"end":{"line":365,"column":1}}]},"62":{"line":374,"type":"if","locations":[{"start":{"line":374,"column":1},"end":{"line":374,"column":1}},{"start":{"line":374,"column":1},"end":{"line":374,"column":1}}]},"63":{"line":384,"type":"if","locations":[{"start":{"line":384,"column":1},"end":{"line":384,"column":1}},{"start":{"line":384,"column":1},"end":{"line":384,"column":1}}]},"64":{"line":385,"type":"if","locations":[{"start":{"line":385,"column":2},"end":{"line":385,"column":2}},{"start":{"line":385,"column":2},"end":{"line":385,"column":2}}]},"65":{"line":388,"type":"if","locations":[{"start":{"line":388,"column":3},"end":{"line":388,"column":3}},{"start":{"line":388,"column":3},"end":{"line":388,"column":3}}]},"66":{"line":396,"type":"if","locations":[{"start":{"line":396,"column":2},"end":{"line":396,"column":2}},{"start":{"line":396,"column":2},"end":{"line":396,"column":2}}]},"67":{"line":402,"type":"if","locations":[{"start":{"line":402,"column":2},"end":{"line":402,"column":2}},{"start":{"line":402,"column":2},"end":{"line":402,"column":2}}]}},"code":["function NanoTimer(log){","","\tvar version = process.version;","\tvar major = version.split('.')[0];","\tmajor = major.split('v')[1];","\tvar minor = version.split('.')[1];","","\tif ((major == 0) && (minor < 10)){","\t\tconsole.log('Error: Please update to the latest version of node! This library requires 0.10.x or later');","\t\tprocess.exit(0);","\t}","","\t//Time reference variables","\tthis.intervalT1 = null;","\tthis.timeOutT1 = null;","\tthis.intervalCount = 1;","","\t//Deferred reference indicator variables.  Indicate whether the timer used/will use the deferred call. ie - delay/interval > 25ms","\tthis.deferredInterval = false;","\tthis.deferredTimeout = false;","","\t//Deferred reference variables.  Used to clear the native js timeOut calls","\tthis.deferredTimeoutRef = null;","\tthis.deferredIntervalRef = null;","","\t//Callback reference variables.  Used to be able to still successfully call callbacks when timeouts or intervals are cleared.","\tthis.timeoutCallbackRef = null;","\tthis.intervalCallbackRef = null;","","\t//Immediate reference variables. Used to clear functions scheduled with setImmediate from running in the event timeout/interval is cleared.","\tthis.timeoutImmediateRef = null;","\tthis.intervalImmediateRef = null;","","\tthis.intervalErrorChecked = false;","","\tthis.intervalType = \"\";","","\tthis.timeoutTriggered = false;","","\tif(log){","\t\tthis.logging = true;","\t}","}","","NanoTimer.prototype.time = function(task, args, format, callback){","\t//Asynchronous task","\tif(callback){","\t\tvar t1 = process.hrtime();","","","\t\tif(args){","","\t\t\targs.push(function(){","\t\t\t\tvar time = process.hrtime(t1);","\t\t\t\tif(format == 's'){","\t\t\t\t\tcallback(time[0] + time[1]/1000000000);","\t\t\t\t} else if (format == 'm'){","\t\t\t\t\tcallback(time[0]*1000 + time[1]/1000000);","\t\t\t\t} else if (format == 'u'){","\t\t\t\t\tcallback(time[0]*1000000 + time[1]/1000);","\t\t\t\t} else if (format == 'n'){","\t\t\t\t\tcallback(time[0]*1000000000 + time[1]);","\t\t\t\t} else {","\t\t\t\t\tcallback(time);","\t\t\t\t}","\t\t\t});","","\t\t\ttask.apply(null, args);","\t\t} else {","\t\t\ttask(function(){","\t\t\t\tvar time = process.hrtime(t1);","\t\t\t\tif(format == 's'){","\t\t\t\t\tcallback(time[0] + time[1]/1000000000);","\t\t\t\t} else if (format == 'm'){","\t\t\t\t\tcallback(time[0]*1000 + time[1]/1000000);","\t\t\t\t} else if (format == 'u'){","\t\t\t\t\tcallback(time[0]*1000000 + time[1]/1000);","\t\t\t\t} else if (format == 'n'){","\t\t\t\t\tcallback(time[0]*1000000000 + time[1]);","\t\t\t\t} else {","\t\t\t\t\tcallback(time);","\t\t\t\t}","\t\t\t});","\t\t}","","\t//Synchronous task","\t} else {","\t\tvar t1 = process.hrtime();","","\t\tif(args){","\t\t\ttask.apply(null, args);","\t\t} else{","\t\t\ttask();","\t\t}","","\t\tvar t2 = process.hrtime(t1);","","\t\tif(format == 's'){","\t\t\treturn t2[0] + t2[1]/1000000000;","\t\t} else if (format == 'm'){","\t\t\treturn t2[0]*1000 + t2[1]/1000000;","\t\t} else if (format == 'u'){","\t\t\treturn t2[0]*1000000 + t2[1]/1000;","\t\t} else if (format == 'n'){","\t\t\treturn t2[0]*1000000000 + t2[1];","\t\t} else {","\t\t\treturn process.hrtime(t1);","\t\t}","\t}","};","","NanoTimer.prototype.setInterval = function(task, args, interval, callback){","","\tif(!this.intervalErrorChecked){","\t\t//Task error handling","\t\tif(!task){","\t\t\tconsole.log(\"A task function must be specified to setInterval\");","\t\t\tprocess.exit(1);","\t\t} else {","\t\t\tif(typeof(task) != \"function\"){","\t\t\t\tconsole.log(\"Task argument to setInterval must be a function reference\");","\t\t\t\tprocess.exit(1);","\t\t\t}","\t\t}","","\t\t//Interval error handling","\t\tif(!interval){","\t\t\tconsole.log(\"An interval argument must be specified\");","\t\t\tprocess.exit(1);","\t\t} else {","\t\t\tif(typeof(interval) != \"string\"){","\t\t\t\tconsole.log(\"Interval argument to setInterval must be a string specified as an integer followed by 's' for seconds, 'm' for milli, 'u' for micro, and 'n' for nanoseconds. Ex. 2u\");","\t\t\t\tprocess.exit(1);","\t\t\t}","\t\t}","","\t\t//This ref is used if deferred timeout is cleared, so the callback can still be accessed","\t\tif(callback){","\t\t\tif(typeof(callback) != \"function\"){","\t\t\t\tconsole.log(\"Callback argument to setInterval must be a function reference\");","\t\t\t\tprocess.exit(1);","\t\t\t} else {","\t\t\t\tthis.intervalCallbackRef = callback;","\t\t\t}","\t\t}","","\t\tthis.intervalType = interval[interval.length-1];","","\t\tif(this.intervalType == 's'){","\t\t\tthis.intervalTime = interval.slice(0, interval.length-1) * 1000000000;","\t\t} else if(this.intervalType == 'm'){","\t\t\tthis.intervalTime = interval.slice(0, interval.length-1) * 1000000;","\t\t} else if(this.intervalType == 'u'){","\t\t\tthis.intervalTime = interval.slice(0, interval.length-1) * 1000;","\t\t} else if(this.intervalType == 'n'){","\t\t\tthis.intervalTime = interval.slice(0, interval.length-1);","\t\t} else {","\t\t\tconsole.log('Error with argument: ' + interval + ': Incorrect interval format. Format is an integer followed by \"s\" for seconds, \"m\" for milli, \"u\" for micro, and \"n\" for nanoseconds. Ex. 2u');","\t\t\tprocess.exit(1);","\t\t}","","\t\tthis.intervalErrorChecked = true;","\t}","","","","\t//Avoid dereferencing inside of function objects later","\t//Must be performed on every execution ","\tvar thisTimer = this;","","\tif(this.intervalTime > 0){","","\t\t//Check and set constant t1 value.","\t\tif(this.intervalT1 == null){","\t\t\tthis.intervalT1 = process.hrtime();","\t\t}","","\t\t//Check for overflow.  Every 8,000,000 seconds (92.6 days), this will overflow","\t\t//and the reference time T1 will be re-acquired.  This is the only case in which error will ","\t\t//propagate.","\t\tif(this.intervalTime*this.intervalCount > 8000000000000000){","\t\t\tthis.intervalT1 = process.hrtime();","\t\t\tthis.intervalCount = 1;","\t\t}","","","\t\t//Get comparison time","\t\tthis.difArray = process.hrtime(this.intervalT1);","\t\tthis.difTime = (this.difArray[0] * 1000000000) + this.difArray[1];","","\t\t//If updated time < expected time, continue","\t\t//Otherwise, run task and update counter","\t\tif(this.difTime < (this.intervalTime*this.intervalCount)){","","\t\t\t//Can potentially defer to less accurate setTimeout if intervaltime > 25ms","\t\t\tif(this.intervalTime > 25000000){","\t\t\t\tif(this.deferredInterval == false){","\t\t\t\t\tthis.deferredInterval = true;","\t\t\t\t\tvar msDelay = (this.intervalTime - 25000000) / 1000000.0;","\t\t\t\t\tthis.deferredIntervalRef = setTimeout(function(){thisTimer.setInterval(task, args, interval, callback);}, msDelay);","\t\t\t\t} else {","\t\t\t\t\tthis.deferredIntervalRef = null;","\t\t\t\t\tthis.intervalImmediateRef = setImmediate(function(){thisTimer.setInterval(task, args, interval, callback);});","\t\t\t\t}","\t\t\t} else {","\t\t\t\tthis.intervalImmediateRef = setImmediate(function(){thisTimer.setInterval(task, args, interval, callback);});","\t\t\t}","\t\t} else {","","\t\t\tthis.intervalImmediateRef = null;","","\t\t\tif(this.logging){","\t\t\t\tconsole.log('nanotimer log: ' + 'cycle time at - ' + this.difTime);","\t\t\t}","","","\t\t\tif(args){","\t\t\t\ttask.apply(null, args);","\t\t\t} else {","\t\t\t\ttask();","\t\t\t}","","\t\t\t//Check if the intervalT1 is still not NULL. If it is, that means the task cleared the interval so it should not run again.","\t\t\tif(this.intervalT1){","\t\t\t\tthis.intervalCount++;","\t\t\t\tthis.deferredInterval = false;","\t\t\t\tthis.intervalImmediateRef = setImmediate(function(){thisTimer.setInterval(task, args, interval, callback);});","\t\t\t}","\t\t}","","\t//If interval = 0, run as fast as possible.","\t} else {","","\t\t//Check and set constant t1 value.","\t\tif(this.intervalT1 == null){","\t\t\tthis.intervalT1 = process.hrtime();","\t\t}","","\t\tif(args){","\t\t\ttask.apply(null, args);","\t\t} else {","\t\t\ttask();","\t\t}","","\t\t// This needs to be re-checked here incase calling task turned this off","\t\tif(this.intervalT1){","\t\t\tthis.intervalImmediateRef = setImmediate(function(){thisTimer.setInterval(task, args, interval, callback);});","\t\t}","\t}","};","","NanoTimer.prototype.setTimeout = function(task, args, delay, callback){","","\t//Task error handling","\tif(!task){","\t\tconsole.log(\"A task function must be specified to setTimeout\");","\t\tprocess.exit(1);","\t} else {","\t\tif(typeof(task) != \"function\"){","\t\t\tconsole.log(\"Task argument to setTimeout must be a function reference\");","\t\t\tprocess.exit(1);","\t\t}","\t}","","\t//Delay error handling","\tif(!delay){","\t\tconsole.log(\"A delay argument must be specified\");","\t\tprocess.exit(1);","\t} else {","\t\tif(typeof(delay) != \"string\"){","\t\t\tconsole.log(\"Delay argument to setTimeout must be a string specified as an integer followed by 's' for seconds, 'm' for milli, 'u' for micro, and 'n' for nanoseconds. Ex. 2u\");","\t\t\tprocess.exit(1);","\t\t}","\t}","","\t//This ref is used if deferred timeout is cleared, so the callback can still be accessed","\tif(callback){","\t\tif(typeof(callback) != \"function\"){","\t\t\tconsole.log(\"Callback argument to setTimeout must be a function reference\");","\t\t\tprocess.exit(1);","\t\t} else {","\t\t\tthis.timeoutCallbackRef = callback;","\t\t}","\t}","","\t//Avoid dereferencing","\tvar thisTimer = this;","","\tif(this.timeoutTriggered){","\t\tthis.timeoutTriggered = false;","\t}","","\tvar delayType = delay[delay.length-1];","","\tif(delayType == 's'){","\t\tvar delayTime = delay.slice(0, delay.length-1) * 1000000000;","\t} else if(delayType == 'm'){","\t\tvar delayTime = delay.slice(0, delay.length-1) * 1000000;","\t} else if(delayType == 'u'){","\t\tvar delayTime = delay.slice(0, delay.length-1) * 1000;","\t} else if(delayType == 'n'){","\t\tvar delayTime = delay.slice(0, delay.length-1);","\t} else {","\t\tconsole.log('Error with argument: ' + delay + ': Incorrect delay format. Format is an integer followed by \"s\" for seconds, \"m\" for milli, \"u\" for micro, and \"n\" for nanoseconds. Ex. 2u');","\t\tprocess.exit(1);","\t}","","\t//Set marker","\tif(this.timeOutT1 == null){","\t\tthis.timeOutT1 = process.hrtime();","\t}","","","\tvar difArray = process.hrtime(this.timeOutT1);","\tvar difTime = (difArray[0] * 1000000000) + difArray[1];","","","\tif(difTime < delayTime){","\t\t//Can potentially defer to less accurate setTimeout if delayTime > 25ms","\t\tif(delayTime > 25000000){","\t\t\tif(this.deferredTimeout == false){","\t\t\t\tthis.deferredTimeout = true;","\t\t\t\tvar msDelay = (delayTime - 25000000) / 1000000.0;","\t\t\t\tthis.deferredTimeoutRef = setTimeout(function(){thisTimer.setTimeout(task, args, delay, callback);}, msDelay);","\t\t\t} else {","\t\t\t\tthis.deferredTimeoutRef = null;","\t\t\t\tthis.timeoutImmediateRef = setImmediate(function(){thisTimer.setTimeout(task, args, delay, callback);});","\t\t\t}","\t\t} else {","\t\t\tthis.timeoutImmediateRef = setImmediate(function(){thisTimer.setTimeout(task, args, delay, callback);});","\t\t}","\t} else {","\t\tthis.timeoutTriggered = true;","\t\tthis.timeoutImmediateRef = null;","\t\tthis.timeOutT1 = null;","\t\tthis.deferredTimeout = false;","","\t\tif(this.logging == true){","\t\t\tconsole.log('nanotimer log: ' + 'actual wait - ' + difTime);","\t\t}","","\t\tif(args){","\t\t\ttask.apply(null, args);","\t\t} else{","\t\t\ttask();","\t\t}","","\t\tif(callback){","\t\t\tvar data = {'waitTime':difTime};","\t\t\tcallback(data);","\t\t}","","\t}","};","","NanoTimer.prototype.clearInterval = function(){","","","\tif(this.deferredIntervalRef){","\t\tclearTimeout(this.deferredIntervalRef);","","\t\tthis.deferredInterval = false;","\t}","","\tif(this.intervalImmediateRef){","\t\tclearImmediate(this.intervalImmediateRef);","\t}","","\tthis.intervalT1 = null;","\tthis.intervalCount = 1;","\tthis.intervalErrorChecked = false;","","","\tif(this.intervalCallbackRef){","\t\tthis.intervalCallbackRef();","\t}","","};","","NanoTimer.prototype.clearTimeout = function(){","","\t// Only do something if this is not being called as a result","\t// of the timeout triggering","\tif(this.timeoutTriggered == false){","\t\tif(this.deferredTimeoutRef){","\t\t\tclearTimeout(this.deferredTimeoutRef);","","\t\t\tif(this.timeOutT1) {","\t\t\t\tvar difArray = process.hrtime(this.timeOutT1);","\t\t\t\tvar difTime = (difArray[0] * 1000000000) + difArray[1];","\t\t\t}","","\t\t\tthis.deferredTimeout = false;","\t\t}","","\t\tif(this.timeoutImmediateRef){","\t\t\tclearImmediate(this.timeoutImmediateRef);","\t\t}","","\t\tthis.timeOutT1 = null;","","\t\tif(this.timeoutCallbackRef){","\t\t\tvar data = {'waitTime':difTime};","\t\t\tthis.timeoutCallbackRef(data);","\t\t}","\t}","};","","module.exports = NanoTimer;",""],"l":{"1":1,"3":0,"4":0,"5":0,"6":0,"8":0,"9":0,"10":0,"14":0,"15":0,"16":0,"19":0,"20":0,"23":0,"24":0,"27":0,"28":0,"31":0,"32":0,"34":0,"36":0,"38":0,"40":0,"41":0,"45":1,"47":0,"48":0,"51":0,"53":0,"54":0,"55":0,"56":0,"57":0,"58":0,"59":0,"60":0,"61":0,"62":0,"64":0,"68":0,"70":0,"71":0,"72":0,"73":0,"74":0,"75":0,"76":0,"77":0,"78":0,"79":0,"81":0,"88":0,"90":0,"91":0,"93":0,"96":0,"98":0,"99":0,"100":0,"101":0,"102":0,"103":0,"104":0,"105":0,"107":0,"112":1,"114":0,"116":0,"117":0,"118":0,"120":0,"121":0,"122":0,"127":0,"128":0,"129":0,"131":0,"132":0,"133":0,"138":0,"139":0,"140":0,"141":0,"143":0,"147":0,"149":0,"150":0,"151":0,"152":0,"153":0,"154":0,"155":0,"156":0,"158":0,"159":0,"162":0,"169":0,"171":0,"174":0,"175":0,"181":0,"182":0,"183":0,"188":0,"189":0,"193":0,"196":0,"197":0,"198":0,"199":0,"200":0,"202":0,"203":0,"206":0,"210":0,"212":0,"213":0,"217":0,"218":0,"220":0,"224":0,"225":0,"226":0,"227":0,"235":0,"236":0,"239":0,"240":0,"242":0,"246":0,"247":0,"252":1,"255":0,"256":0,"257":0,"259":0,"260":0,"261":0,"266":0,"267":0,"268":0,"270":0,"271":0,"272":0,"277":0,"278":0,"279":0,"280":0,"282":0,"287":0,"289":0,"290":0,"293":0,"295":0,"296":0,"297":0,"298":0,"299":0,"300":0,"301":0,"302":0,"304":0,"305":0,"309":0,"310":0,"314":0,"315":0,"318":0,"320":0,"321":0,"322":0,"323":0,"324":0,"326":0,"327":0,"330":0,"333":0,"334":0,"335":0,"336":0,"338":0,"339":0,"342":0,"343":0,"345":0,"348":0,"349":0,"350":0,"356":1,"359":0,"360":0,"362":0,"365":0,"366":0,"369":0,"370":0,"371":0,"374":0,"375":0,"380":1,"384":0,"385":0,"386":0,"388":0,"389":0,"390":0,"393":0,"396":0,"397":0,"400":0,"402":0,"403":0,"404":0,"409":1}}}